<?xml version="1.0" encoding="UTF-8"?>
<testsuite name="com.HotelService.service.GuestServiceTest" tests="2" skipped="0" failures="0" errors="0" timestamp="2021-06-16T07:46:09" hostname="DESKTOP-R7AB2GV" time="0.064">
  <properties/>
  <testcase name="CIrequest" classname="com.HotelService.service.GuestServiceTest" time="0.061"/>
  <testcase name="search" classname="com.HotelService.service.GuestServiceTest" time="0.003"/>
  <system-out><![CDATA[]]></system-out>
  <system-err><![CDATA[]]></system-err>
</testsuite>
