<?xml version="1.0" encoding="UTF-8"?>
<testsuite name="com.HotelService.service.GuestServiceTest" tests="1" skipped="0" failures="0" errors="0" timestamp="2021-05-09T13:54:03" hostname="DESKTOP-R7AB2GV" time="0.101">
  <properties/>
  <testcase name="CIrequest" classname="com.HotelService.service.GuestServiceTest" time="0.101"/>
  <system-out><![CDATA[]]></system-out>
  <system-err><![CDATA[]]></system-err>
</testsuite>
