<?xml version="1.0" encoding="UTF-8"?>
<testsuite name="com.HotelService.controller.GuestControllerTest" tests="1" skipped="0" failures="0" errors="0" timestamp="2021-05-06T15:15:02" hostname="DESKTOP-R7AB2GV" time="0.393">
  <properties/>
  <testcase name="create" classname="com.HotelService.controller.GuestControllerTest" time="0.393"/>
  <system-out><![CDATA[00:14:57.408 [Test worker] DEBUG org.springframework.test.context.junit4.SpringJUnit4ClassRunner - SpringJUnit4ClassRunner constructor called with [class com.HotelService.controller.GuestControllerTest]
00:14:57.420 [Test worker] DEBUG org.springframework.test.context.BootstrapUtils - Instantiating CacheAwareContextLoaderDelegate from class [org.springframework.test.context.cache.DefaultCacheAwareContextLoaderDelegate]
00:14:57.434 [Test worker] DEBUG org.springframework.test.context.BootstrapUtils - Instantiating BootstrapContext using constructor [public org.springframework.test.context.support.DefaultBootstrapContext(java.lang.Class,org.springframework.test.context.CacheAwareContextLoaderDelegate)]
00:14:57.523 [Test worker] DEBUG org.springframework.test.context.BootstrapUtils - Instantiating TestContextBootstrapper for test class [com.HotelService.controller.GuestControllerTest] from class [org.springframework.boot.test.autoconfigure.web.servlet.WebMvcTestContextBootstrapper]
00:14:57.566 [Test worker] INFO org.springframework.boot.test.autoconfigure.web.servlet.WebMvcTestContextBootstrapper - Neither @ContextConfiguration nor @ContextHierarchy found for test class [com.HotelService.controller.GuestControllerTest], using SpringBootContextLoader
00:14:57.575 [Test worker] DEBUG org.springframework.test.context.support.AbstractContextLoader - Did not detect default resource location for test class [com.HotelService.controller.GuestControllerTest]: class path resource [com/HotelService/controller/GuestControllerTest-context.xml] does not exist
00:14:57.577 [Test worker] DEBUG org.springframework.test.context.support.AbstractContextLoader - Did not detect default resource location for test class [com.HotelService.controller.GuestControllerTest]: class path resource [com/HotelService/controller/GuestControllerTestContext.groovy] does not exist
00:14:57.578 [Test worker] INFO org.springframework.test.context.support.AbstractContextLoader - Could not detect default resource locations for test class [com.HotelService.controller.GuestControllerTest]: no resource found for suffixes {-context.xml, Context.groovy}.
00:14:57.580 [Test worker] INFO org.springframework.test.context.support.AnnotationConfigContextLoaderUtils - Could not detect default configuration classes for test class [com.HotelService.controller.GuestControllerTest]: GuestControllerTest does not declare any static, non-private, non-final, nested classes annotated with @Configuration.
00:14:57.727 [Test worker] DEBUG org.springframework.test.context.support.ActiveProfilesUtils - Could not find an 'annotation declaring class' for annotation type [org.springframework.test.context.ActiveProfiles] and class [com.HotelService.controller.GuestControllerTest]
00:14:57.865 [Test worker] DEBUG org.springframework.context.annotation.ClassPathScanningCandidateComponentProvider - Identified candidate component class: file [C:\Users\JAESEUNG\IdeaProjects\AbstractCnS\Guest\build\classes\java\main\com\HotelService\GuestApplication.class]
00:14:57.868 [Test worker] INFO org.springframework.boot.test.context.SpringBootTestContextBootstrapper - Found @SpringBootConfiguration com.HotelService.GuestApplication for test class com.HotelService.controller.GuestControllerTest
00:14:57.875 [Test worker] DEBUG org.springframework.boot.test.autoconfigure.web.servlet.WebMvcTestContextBootstrapper - @TestExecutionListeners is not present for class [com.HotelService.controller.GuestControllerTest]: using defaults.
00:14:57.877 [Test worker] INFO org.springframework.boot.test.autoconfigure.web.servlet.WebMvcTestContextBootstrapper - Loaded default TestExecutionListener class names from location [META-INF/spring.factories]: [org.springframework.boot.test.autoconfigure.restdocs.RestDocsTestExecutionListener, org.springframework.boot.test.autoconfigure.web.client.MockRestServiceServerResetTestExecutionListener, org.springframework.boot.test.autoconfigure.web.servlet.MockMvcPrintOnlyOnFailureTestExecutionListener, org.springframework.boot.test.autoconfigure.web.servlet.WebDriverTestExecutionListener, org.springframework.boot.test.mock.mockito.MockitoTestExecutionListener, org.springframework.boot.test.mock.mockito.ResetMocksTestExecutionListener, org.springframework.test.context.web.ServletTestExecutionListener, org.springframework.test.context.support.DirtiesContextBeforeModesTestExecutionListener, org.springframework.test.context.support.DependencyInjectionTestExecutionListener, org.springframework.test.context.support.DirtiesContextTestExecutionListener, org.springframework.test.context.transaction.TransactionalTestExecutionListener, org.springframework.test.context.jdbc.SqlScriptsTestExecutionListener, org.springframework.test.context.event.EventPublishingTestExecutionListener]
00:14:57.916 [Test worker] INFO org.springframework.boot.test.autoconfigure.web.servlet.WebMvcTestContextBootstrapper - Using TestExecutionListeners: [org.springframework.test.context.web.ServletTestExecutionListener@589ab58f, org.springframework.test.context.support.DirtiesContextBeforeModesTestExecutionListener@6277a14c, org.springframework.boot.test.mock.mockito.MockitoTestExecutionListener@928d290, org.springframework.boot.test.autoconfigure.SpringBootDependencyInjectionTestExecutionListener@583cd3e, org.springframework.test.context.support.DirtiesContextTestExecutionListener@8b836cc, org.springframework.test.context.transaction.TransactionalTestExecutionListener@579a8b56, org.springframework.test.context.jdbc.SqlScriptsTestExecutionListener@18696f67, org.springframework.test.context.event.EventPublishingTestExecutionListener@398bb69, org.springframework.boot.test.autoconfigure.restdocs.RestDocsTestExecutionListener@4a5fe380, org.springframework.boot.test.autoconfigure.web.client.MockRestServiceServerResetTestExecutionListener@491c01a6, org.springframework.boot.test.autoconfigure.web.servlet.MockMvcPrintOnlyOnFailureTestExecutionListener@1a5d4db5, org.springframework.boot.test.autoconfigure.web.servlet.WebDriverTestExecutionListener@5cd8fe64, org.springframework.boot.test.mock.mockito.ResetMocksTestExecutionListener@69ae459c]
00:14:57.925 [Test worker] DEBUG org.springframework.test.annotation.ProfileValueUtils - Retrieved @ProfileValueSourceConfiguration [null] for test class [com.HotelService.controller.GuestControllerTest]
00:14:57.927 [Test worker] DEBUG org.springframework.test.annotation.ProfileValueUtils - Retrieved ProfileValueSource type [class org.springframework.test.annotation.SystemProfileValueSource] for class [com.HotelService.controller.GuestControllerTest]
00:14:57.929 [Test worker] DEBUG org.springframework.test.annotation.ProfileValueUtils - Retrieved @ProfileValueSourceConfiguration [null] for test class [com.HotelService.controller.GuestControllerTest]
00:14:57.929 [Test worker] DEBUG org.springframework.test.annotation.ProfileValueUtils - Retrieved ProfileValueSource type [class org.springframework.test.annotation.SystemProfileValueSource] for class [com.HotelService.controller.GuestControllerTest]
00:14:57.940 [Test worker] DEBUG org.springframework.test.context.support.AbstractDirtiesContextTestExecutionListener - Before test class: context [DefaultTestContext@5c51e95f testClass = GuestControllerTest, testInstance = [null], testMethod = [null], testException = [null], mergedContextConfiguration = [WebMergedContextConfiguration@63153172 testClass = GuestControllerTest, locations = '{}', classes = '{class com.HotelService.GuestApplication}', contextInitializerClasses = '[]', activeProfiles = '{}', propertySourceLocations = '{}', propertySourceProperties = '{org.springframework.boot.test.autoconfigure.web.servlet.WebMvcTestContextBootstrapper=true}', contextCustomizers = set[org.springframework.boot.test.autoconfigure.OverrideAutoConfigurationContextCustomizerFactory$DisableAutoConfigurationContextCustomizer@260b9380, org.springframework.boot.test.autoconfigure.filter.TypeExcludeFiltersContextCustomizer@62853be6, org.springframework.boot.test.autoconfigure.properties.PropertyMappingContextCustomizer@de6f8f84, org.springframework.boot.test.autoconfigure.web.servlet.WebDriverContextCustomizerFactory$Customizer@349317d5, [ImportsContextCustomizer@6a024c49 key = [org.springframework.boot.autoconfigure.cache.CacheAutoConfiguration, org.springframework.boot.autoconfigure.context.MessageSourceAutoConfiguration, org.springframework.boot.autoconfigure.data.web.SpringDataWebAutoConfiguration, org.springframework.boot.autoconfigure.freemarker.FreeMarkerAutoConfiguration, org.springframework.boot.autoconfigure.groovy.template.GroovyTemplateAutoConfiguration, org.springframework.boot.autoconfigure.gson.GsonAutoConfiguration, org.springframework.boot.autoconfigure.hateoas.HypermediaAutoConfiguration, org.springframework.boot.autoconfigure.http.HttpMessageConvertersAutoConfiguration, org.springframework.boot.autoconfigure.jackson.JacksonAutoConfiguration, org.springframework.boot.autoconfigure.jsonb.JsonbAutoConfiguration, org.springframework.boot.autoconfigure.mustache.MustacheAutoConfiguration, org.springframework.boot.autoconfigure.task.TaskExecutionAutoConfiguration, org.springframework.boot.autoconfigure.thymeleaf.ThymeleafAutoConfiguration, org.springframework.boot.autoconfigure.validation.ValidationAutoConfiguration, org.springframework.boot.autoconfigure.web.servlet.error.ErrorMvcAutoConfiguration, org.springframework.boot.autoconfigure.web.servlet.WebMvcAutoConfiguration, org.springframework.boot.test.autoconfigure.web.servlet.MockMvcAutoConfiguration, org.springframework.boot.test.autoconfigure.web.servlet.MockMvcWebClientAutoConfiguration, org.springframework.boot.test.autoconfigure.web.servlet.MockMvcWebDriverAutoConfiguration, org.springframework.boot.autoconfigure.security.servlet.SecurityAutoConfiguration, org.springframework.boot.autoconfigure.security.servlet.UserDetailsServiceAutoConfiguration, org.springframework.boot.test.autoconfigure.web.servlet.MockMvcSecurityConfiguration]], org.springframework.boot.test.context.filter.ExcludeFilterContextCustomizer@5498bc3, org.springframework.boot.test.json.DuplicateJsonObjectContextCustomizerFactory$DuplicateJsonObjectContextCustomizer@1681871, org.springframework.boot.test.mock.mockito.MockitoContextCustomizer@c5d0c750], resourceBasePath = 'src/main/webapp', contextLoader = 'org.springframework.boot.test.context.SpringBootContextLoader', parent = [null]], attributes = map[[empty]]], class annotated with @DirtiesContext [false] with mode [null].
00:14:57.945 [Test worker] DEBUG org.springframework.test.annotation.ProfileValueUtils - Retrieved @ProfileValueSourceConfiguration [null] for test class [com.HotelService.controller.GuestControllerTest]
00:14:57.945 [Test worker] DEBUG org.springframework.test.annotation.ProfileValueUtils - Retrieved ProfileValueSource type [class org.springframework.test.annotation.SystemProfileValueSource] for class [com.HotelService.controller.GuestControllerTest]
00:14:58.161 [Test worker] DEBUG org.springframework.test.context.support.TestPropertySourceUtils - Adding inlined properties to environment: {spring.jmx.enabled=false, org.springframework.boot.test.autoconfigure.web.servlet.WebMvcTestContextBootstrapper=true, server.port=-1}

  .   ____          _            __ _ _
 /\\ / ___'_ __ _ _(_)_ __  __ _ \ \ \ \
( ( )\___ | '_ | '_| | '_ \/ _` | \ \ \ \
 \\/  ___)| |_)| | | | | || (_| |  ) ) ) )
  '  |____| .__|_| |_|_| |_\__, | / / / /
 =========|_|==============|___/=/_/_/_/
 :: Spring Boot ::        (v2.2.1.RELEASE)

2021-05-07 00:14:58.741  INFO 4808 --- [    Test worker] c.H.controller.GuestControllerTest       : Starting GuestControllerTest on DESKTOP-R7AB2GV with PID 4808 (started by JAESEUNG in C:\Users\JAESEUNG\IdeaProjects\AbstractCnS\Guest)
2021-05-07 00:14:58.747  INFO 4808 --- [    Test worker] c.H.controller.GuestControllerTest       : No active profile set, falling back to default profiles: default
2021-05-07 00:15:01.766  INFO 4808 --- [    Test worker] o.s.s.concurrent.ThreadPoolTaskExecutor  : Initializing ExecutorService 'applicationTaskExecutor'
2021-05-07 00:15:02.255  INFO 4808 --- [    Test worker] o.s.b.t.m.w.SpringBootMockServletContext : Initializing Spring TestDispatcherServlet ''
2021-05-07 00:15:02.256  INFO 4808 --- [    Test worker] o.s.t.web.servlet.TestDispatcherServlet  : Initializing Servlet ''
2021-05-07 00:15:02.281  INFO 4808 --- [    Test worker] o.s.t.web.servlet.TestDispatcherServlet  : Completed initialization in 25 ms
2021-05-07 00:15:02.340  INFO 4808 --- [    Test worker] c.H.controller.GuestControllerTest       : Started GuestControllerTest in 4.158 seconds (JVM running for 6.356)
]]></system-out>
  <system-err><![CDATA[]]></system-err>
</testsuite>
