<?xml version="1.0" encoding="UTF-8"?>
<testsuite name="com.HotelService.controller.GuestControllerTest" tests="2" skipped="0" failures="0" errors="0" timestamp="2021-06-08T14:45:07" hostname="DESKTOP-R7AB2GV" time="0.299">
  <properties/>
  <testcase name="create" classname="com.HotelService.controller.GuestControllerTest" time="0.27"/>
  <testcase name="createfaild" classname="com.HotelService.controller.GuestControllerTest" time="0.027"/>
  <system-out><![CDATA[23:45:04.768 [Test worker] DEBUG org.springframework.test.context.junit4.SpringJUnit4ClassRunner - SpringJUnit4ClassRunner constructor called with [class com.HotelService.controller.GuestControllerTest]
23:45:04.775 [Test worker] DEBUG org.springframework.test.context.BootstrapUtils - Instantiating CacheAwareContextLoaderDelegate from class [org.springframework.test.context.cache.DefaultCacheAwareContextLoaderDelegate]
23:45:04.784 [Test worker] DEBUG org.springframework.test.context.BootstrapUtils - Instantiating BootstrapContext using constructor [public org.springframework.test.context.support.DefaultBootstrapContext(java.lang.Class,org.springframework.test.context.CacheAwareContextLoaderDelegate)]
23:45:04.824 [Test worker] DEBUG org.springframework.test.context.BootstrapUtils - Instantiating TestContextBootstrapper for test class [com.HotelService.controller.GuestControllerTest] from class [org.springframework.boot.test.autoconfigure.web.servlet.WebMvcTestContextBootstrapper]
23:45:04.843 [Test worker] INFO org.springframework.boot.test.autoconfigure.web.servlet.WebMvcTestContextBootstrapper - Neither @ContextConfiguration nor @ContextHierarchy found for test class [com.HotelService.controller.GuestControllerTest], using SpringBootContextLoader
23:45:04.848 [Test worker] DEBUG org.springframework.test.context.support.AbstractContextLoader - Did not detect default resource location for test class [com.HotelService.controller.GuestControllerTest]: class path resource [com/HotelService/controller/GuestControllerTest-context.xml] does not exist
23:45:04.848 [Test worker] DEBUG org.springframework.test.context.support.AbstractContextLoader - Did not detect default resource location for test class [com.HotelService.controller.GuestControllerTest]: class path resource [com/HotelService/controller/GuestControllerTestContext.groovy] does not exist
23:45:04.849 [Test worker] INFO org.springframework.test.context.support.AbstractContextLoader - Could not detect default resource locations for test class [com.HotelService.controller.GuestControllerTest]: no resource found for suffixes {-context.xml, Context.groovy}.
23:45:04.849 [Test worker] INFO org.springframework.test.context.support.AnnotationConfigContextLoaderUtils - Could not detect default configuration classes for test class [com.HotelService.controller.GuestControllerTest]: GuestControllerTest does not declare any static, non-private, non-final, nested classes annotated with @Configuration.
23:45:04.921 [Test worker] DEBUG org.springframework.test.context.support.ActiveProfilesUtils - Could not find an 'annotation declaring class' for annotation type [org.springframework.test.context.ActiveProfiles] and class [com.HotelService.controller.GuestControllerTest]
23:45:04.998 [Test worker] DEBUG org.springframework.context.annotation.ClassPathScanningCandidateComponentProvider - Identified candidate component class: file [C:\Users\JAESEUNG\IdeaProjects\AbstractCnS\Guest\build\classes\java\main\com\HotelService\GuestApplication.class]
23:45:05.002 [Test worker] INFO org.springframework.boot.test.context.SpringBootTestContextBootstrapper - Found @SpringBootConfiguration com.HotelService.GuestApplication for test class com.HotelService.controller.GuestControllerTest
23:45:05.005 [Test worker] DEBUG org.springframework.boot.test.autoconfigure.web.servlet.WebMvcTestContextBootstrapper - @TestExecutionListeners is not present for class [com.HotelService.controller.GuestControllerTest]: using defaults.
23:45:05.006 [Test worker] INFO org.springframework.boot.test.autoconfigure.web.servlet.WebMvcTestContextBootstrapper - Loaded default TestExecutionListener class names from location [META-INF/spring.factories]: [org.springframework.boot.test.autoconfigure.restdocs.RestDocsTestExecutionListener, org.springframework.boot.test.autoconfigure.web.client.MockRestServiceServerResetTestExecutionListener, org.springframework.boot.test.autoconfigure.web.servlet.MockMvcPrintOnlyOnFailureTestExecutionListener, org.springframework.boot.test.autoconfigure.web.servlet.WebDriverTestExecutionListener, org.springframework.boot.test.mock.mockito.MockitoTestExecutionListener, org.springframework.boot.test.mock.mockito.ResetMocksTestExecutionListener, org.springframework.test.context.web.ServletTestExecutionListener, org.springframework.test.context.support.DirtiesContextBeforeModesTestExecutionListener, org.springframework.test.context.support.DependencyInjectionTestExecutionListener, org.springframework.test.context.support.DirtiesContextTestExecutionListener, org.springframework.test.context.transaction.TransactionalTestExecutionListener, org.springframework.test.context.jdbc.SqlScriptsTestExecutionListener, org.springframework.test.context.event.EventPublishingTestExecutionListener]
23:45:05.027 [Test worker] INFO org.springframework.boot.test.autoconfigure.web.servlet.WebMvcTestContextBootstrapper - Using TestExecutionListeners: [org.springframework.test.context.web.ServletTestExecutionListener@667d7601, org.springframework.test.context.support.DirtiesContextBeforeModesTestExecutionListener@17418cba, org.springframework.boot.test.mock.mockito.MockitoTestExecutionListener@f0c9d8b, org.springframework.boot.test.autoconfigure.SpringBootDependencyInjectionTestExecutionListener@54b0c383, org.springframework.test.context.support.DirtiesContextTestExecutionListener@59f07a6a, org.springframework.test.context.transaction.TransactionalTestExecutionListener@424f19b2, org.springframework.test.context.jdbc.SqlScriptsTestExecutionListener@29c434b5, org.springframework.test.context.event.EventPublishingTestExecutionListener@7bba46d5, org.springframework.boot.test.autoconfigure.restdocs.RestDocsTestExecutionListener@21c350e2, org.springframework.boot.test.autoconfigure.web.client.MockRestServiceServerResetTestExecutionListener@1b7b4fe1, org.springframework.boot.test.autoconfigure.web.servlet.MockMvcPrintOnlyOnFailureTestExecutionListener@1312a1a7, org.springframework.boot.test.autoconfigure.web.servlet.WebDriverTestExecutionListener@3ab7d1fe, org.springframework.boot.test.mock.mockito.ResetMocksTestExecutionListener@148c20a]
23:45:05.031 [Test worker] DEBUG org.springframework.test.annotation.ProfileValueUtils - Retrieved @ProfileValueSourceConfiguration [null] for test class [com.HotelService.controller.GuestControllerTest]
23:45:05.032 [Test worker] DEBUG org.springframework.test.annotation.ProfileValueUtils - Retrieved ProfileValueSource type [class org.springframework.test.annotation.SystemProfileValueSource] for class [com.HotelService.controller.GuestControllerTest]
23:45:05.033 [Test worker] DEBUG org.springframework.test.annotation.ProfileValueUtils - Retrieved @ProfileValueSourceConfiguration [null] for test class [com.HotelService.controller.GuestControllerTest]
23:45:05.034 [Test worker] DEBUG org.springframework.test.annotation.ProfileValueUtils - Retrieved ProfileValueSource type [class org.springframework.test.annotation.SystemProfileValueSource] for class [com.HotelService.controller.GuestControllerTest]
23:45:05.041 [Test worker] DEBUG org.springframework.test.context.support.AbstractDirtiesContextTestExecutionListener - Before test class: context [DefaultTestContext@444502bd testClass = GuestControllerTest, testInstance = [null], testMethod = [null], testException = [null], mergedContextConfiguration = [WebMergedContextConfiguration@14581e12 testClass = GuestControllerTest, locations = '{}', classes = '{class com.HotelService.GuestApplication}', contextInitializerClasses = '[]', activeProfiles = '{}', propertySourceLocations = '{}', propertySourceProperties = '{org.springframework.boot.test.autoconfigure.web.servlet.WebMvcTestContextBootstrapper=true}', contextCustomizers = set[org.springframework.boot.test.autoconfigure.OverrideAutoConfigurationContextCustomizerFactory$DisableAutoConfigurationContextCustomizer@2d69f19c, org.springframework.boot.test.autoconfigure.filter.TypeExcludeFiltersContextCustomizer@249b349d, org.springframework.boot.test.autoconfigure.properties.PropertyMappingContextCustomizer@f4203ea1, org.springframework.boot.test.autoconfigure.web.servlet.WebDriverContextCustomizerFactory$Customizer@7a829c59, [ImportsContextCustomizer@24311572 key = [org.springframework.boot.autoconfigure.cache.CacheAutoConfiguration, org.springframework.boot.autoconfigure.context.MessageSourceAutoConfiguration, org.springframework.boot.autoconfigure.data.web.SpringDataWebAutoConfiguration, org.springframework.boot.autoconfigure.freemarker.FreeMarkerAutoConfiguration, org.springframework.boot.autoconfigure.groovy.template.GroovyTemplateAutoConfiguration, org.springframework.boot.autoconfigure.gson.GsonAutoConfiguration, org.springframework.boot.autoconfigure.hateoas.HypermediaAutoConfiguration, org.springframework.boot.autoconfigure.http.HttpMessageConvertersAutoConfiguration, org.springframework.boot.autoconfigure.jackson.JacksonAutoConfiguration, org.springframework.boot.autoconfigure.jsonb.JsonbAutoConfiguration, org.springframework.boot.autoconfigure.mustache.MustacheAutoConfiguration, org.springframework.boot.autoconfigure.task.TaskExecutionAutoConfiguration, org.springframework.boot.autoconfigure.thymeleaf.ThymeleafAutoConfiguration, org.springframework.boot.autoconfigure.validation.ValidationAutoConfiguration, org.springframework.boot.autoconfigure.web.servlet.error.ErrorMvcAutoConfiguration, org.springframework.boot.autoconfigure.web.servlet.WebMvcAutoConfiguration, org.springframework.boot.test.autoconfigure.web.servlet.MockMvcAutoConfiguration, org.springframework.boot.test.autoconfigure.web.servlet.MockMvcWebClientAutoConfiguration, org.springframework.boot.test.autoconfigure.web.servlet.MockMvcWebDriverAutoConfiguration, org.springframework.boot.autoconfigure.security.servlet.SecurityAutoConfiguration, org.springframework.boot.autoconfigure.security.servlet.UserDetailsServiceAutoConfiguration, org.springframework.boot.test.autoconfigure.web.servlet.MockMvcSecurityConfiguration]], org.springframework.boot.test.context.filter.ExcludeFilterContextCustomizer@71b7508c, org.springframework.boot.test.json.DuplicateJsonObjectContextCustomizerFactory$DuplicateJsonObjectContextCustomizer@68bf0808, org.springframework.boot.test.mock.mockito.MockitoContextCustomizer@7bd69763], resourceBasePath = 'src/main/webapp', contextLoader = 'org.springframework.boot.test.context.SpringBootContextLoader', parent = [null]], attributes = map[[empty]]], class annotated with @DirtiesContext [false] with mode [null].
23:45:05.045 [Test worker] DEBUG org.springframework.test.annotation.ProfileValueUtils - Retrieved @ProfileValueSourceConfiguration [null] for test class [com.HotelService.controller.GuestControllerTest]
23:45:05.046 [Test worker] DEBUG org.springframework.test.annotation.ProfileValueUtils - Retrieved ProfileValueSource type [class org.springframework.test.annotation.SystemProfileValueSource] for class [com.HotelService.controller.GuestControllerTest]
23:45:05.183 [Test worker] DEBUG org.springframework.test.context.support.TestPropertySourceUtils - Adding inlined properties to environment: {spring.jmx.enabled=false, org.springframework.boot.test.autoconfigure.web.servlet.WebMvcTestContextBootstrapper=true, server.port=-1}

  .   ____          _            __ _ _
 /\\ / ___'_ __ _ _(_)_ __  __ _ \ \ \ \
( ( )\___ | '_ | '_| | '_ \/ _` | \ \ \ \
 \\/  ___)| |_)| | | | | || (_| |  ) ) ) )
  '  |____| .__|_| |_|_| |_\__, | / / / /
 =========|_|==============|___/=/_/_/_/
 :: Spring Boot ::        (v2.2.1.RELEASE)

2021-06-08 23:45:05.569  INFO 14088 --- [    Test worker] c.H.controller.GuestControllerTest       : Starting GuestControllerTest on DESKTOP-R7AB2GV with PID 14088 (started by JAESEUNG in C:\Users\JAESEUNG\IdeaProjects\AbstractCnS\Guest)
2021-06-08 23:45:05.572  INFO 14088 --- [    Test worker] c.H.controller.GuestControllerTest       : No active profile set, falling back to default profiles: default
2021-06-08 23:45:07.212  INFO 14088 --- [    Test worker] o.s.s.concurrent.ThreadPoolTaskExecutor  : Initializing ExecutorService 'applicationTaskExecutor'
2021-06-08 23:45:07.526  INFO 14088 --- [    Test worker] o.s.b.t.m.w.SpringBootMockServletContext : Initializing Spring TestDispatcherServlet ''
2021-06-08 23:45:07.526  INFO 14088 --- [    Test worker] o.s.t.web.servlet.TestDispatcherServlet  : Initializing Servlet ''
2021-06-08 23:45:07.544  INFO 14088 --- [    Test worker] o.s.t.web.servlet.TestDispatcherServlet  : Completed initialization in 18 ms
2021-06-08 23:45:07.575  INFO 14088 --- [    Test worker] c.H.controller.GuestControllerTest       : Started GuestControllerTest in 2.381 seconds (JVM running for 3.648)
2021-06-08 23:45:07.877  WARN 14088 --- [    Test worker] .w.s.m.s.DefaultHandlerExceptionResolver : Resolved [org.springframework.web.bind.MethodArgumentNotValidException: Validation failed for argument [0] in public org.springframework.http.ResponseEntity<?> com.HotelService.controller.GuestController.reservation(com.HotelService.entity.Guest) throws java.net.URISyntaxException: [Field error in object 'guest' on field 'email': rejected value []; codes [NotEmpty.guest.email,NotEmpty.email,NotEmpty.java.lang.String,NotEmpty]; arguments [org.springframework.context.support.DefaultMessageSourceResolvable: codes [guest.email,email]; arguments []; default message [email]]; default message [Email must not be null]] ]
]]></system-out>
  <system-err><![CDATA[]]></system-err>
</testsuite>
