<?xml version="1.0" encoding="UTF-8"?>
<testsuite name="com.HotelService.entity.GuestTest" tests="1" skipped="0" failures="0" errors="0" timestamp="2021-07-08T11:58:10" hostname="DESKTOP-R7AB2GV" time="0.003">
  <properties/>
  <testcase name="create" classname="com.HotelService.entity.GuestTest" time="0.003"/>
  <system-out><![CDATA[]]></system-out>
  <system-err><![CDATA[]]></system-err>
</testsuite>
