<?xml version="1.0" encoding="UTF-8"?>
<testsuite name="com.HotelService.entity.AdminTest" tests="1" skipped="0" failures="0" errors="0" timestamp="2021-06-02T14:37:55" hostname="DESKTOP-R7AB2GV" time="0.008">
  <properties/>
  <testcase name="creation" classname="com.HotelService.entity.AdminTest" time="0.008"/>
  <system-out><![CDATA[]]></system-out>
  <system-err><![CDATA[]]></system-err>
</testsuite>
