<?xml version="1.0" encoding="UTF-8"?>
<testsuite name="com.HotelService.entity.GuestTest" tests="1" skipped="0" failures="0" errors="0" timestamp="2021-06-06T05:13:52" hostname="DESKTOP-R7AB2GV" time="0.002">
  <properties/>
  <testcase name="create" classname="com.HotelService.entity.GuestTest" time="0.002"/>
  <system-out><![CDATA[]]></system-out>
  <system-err><![CDATA[]]></system-err>
</testsuite>
