<?xml version="1.0" encoding="UTF-8"?>
<testsuite name="com.HotelService.entity.AdminTest" tests="1" skipped="0" failures="0" errors="0" timestamp="2021-04-29T14:46:16" hostname="DESKTOP-R7AB2GV" time="0.012">
  <properties/>
  <testcase name="creation" classname="com.HotelService.entity.AdminTest" time="0.012"/>
  <system-out><![CDATA[]]></system-out>
  <system-err><![CDATA[]]></system-err>
</testsuite>
