<?xml version="1.0" encoding="UTF-8"?>
<testsuite name="com.HotelService.service.AdminServiceTest" tests="3" skipped="0" failures="0" errors="0" timestamp="2021-06-08T14:45:14" hostname="DESKTOP-R7AB2GV" time="0.036">
  <properties/>
  <testcase name="delete" classname="com.HotelService.service.AdminServiceTest" time="0.007"/>
  <testcase name="update" classname="com.HotelService.service.AdminServiceTest" time="0.022"/>
  <testcase name="getGuest" classname="com.HotelService.service.AdminServiceTest" time="0.005"/>
  <system-out><![CDATA[]]></system-out>
  <system-err><![CDATA[]]></system-err>
</testsuite>
