<?xml version="1.0" encoding="UTF-8"?>
<testsuite name="com.HotelService.controller.RequestControllerTest" tests="2" skipped="0" failures="0" errors="0" timestamp="2021-04-29T14:30:50" hostname="DESKTOP-R7AB2GV" time="0.044">
  <properties/>
  <testcase name="cancel" classname="com.HotelService.controller.RequestControllerTest" time="0.029"/>
  <testcase name="list" classname="com.HotelService.controller.RequestControllerTest" time="0.012"/>
  <system-out><![CDATA[2021-04-29 23:30:49.499  INFO 8772 --- [    Test worker] .b.t.a.w.s.WebMvcTestContextBootstrapper : Neither @ContextConfiguration nor @ContextHierarchy found for test class [com.HotelService.controller.RequestControllerTest], using SpringBootContextLoader
2021-04-29 23:30:49.501  INFO 8772 --- [    Test worker] o.s.t.c.support.AbstractContextLoader    : Could not detect default resource locations for test class [com.HotelService.controller.RequestControllerTest]: no resource found for suffixes {-context.xml, Context.groovy}.
2021-04-29 23:30:49.502  INFO 8772 --- [    Test worker] t.c.s.AnnotationConfigContextLoaderUtils : Could not detect default configuration classes for test class [com.HotelService.controller.RequestControllerTest]: RequestControllerTest does not declare any static, non-private, non-final, nested classes annotated with @Configuration.
2021-04-29 23:30:49.510  INFO 8772 --- [    Test worker] .b.t.c.SpringBootTestContextBootstrapper : Found @SpringBootConfiguration com.HotelService.HotelApplication for test class com.HotelService.controller.RequestControllerTest
2021-04-29 23:30:49.512  INFO 8772 --- [    Test worker] .b.t.a.w.s.WebMvcTestContextBootstrapper : Loaded default TestExecutionListener class names from location [META-INF/spring.factories]: [org.springframework.boot.test.autoconfigure.restdocs.RestDocsTestExecutionListener, org.springframework.boot.test.autoconfigure.web.client.MockRestServiceServerResetTestExecutionListener, org.springframework.boot.test.autoconfigure.web.servlet.MockMvcPrintOnlyOnFailureTestExecutionListener, org.springframework.boot.test.autoconfigure.web.servlet.WebDriverTestExecutionListener, org.springframework.boot.test.mock.mockito.MockitoTestExecutionListener, org.springframework.boot.test.mock.mockito.ResetMocksTestExecutionListener, org.springframework.test.context.web.ServletTestExecutionListener, org.springframework.test.context.support.DirtiesContextBeforeModesTestExecutionListener, org.springframework.test.context.support.DependencyInjectionTestExecutionListener, org.springframework.test.context.support.DirtiesContextTestExecutionListener, org.springframework.test.context.transaction.TransactionalTestExecutionListener, org.springframework.test.context.jdbc.SqlScriptsTestExecutionListener, org.springframework.test.context.event.EventPublishingTestExecutionListener]
2021-04-29 23:30:49.513  INFO 8772 --- [    Test worker] .b.t.a.w.s.WebMvcTestContextBootstrapper : Using TestExecutionListeners: [org.springframework.test.context.web.ServletTestExecutionListener@6e9b1786, org.springframework.test.context.support.DirtiesContextBeforeModesTestExecutionListener@788bc8c, org.springframework.boot.test.mock.mockito.MockitoTestExecutionListener@7f0810b7, org.springframework.boot.test.autoconfigure.SpringBootDependencyInjectionTestExecutionListener@69410aca, org.springframework.test.context.support.DirtiesContextTestExecutionListener@5fd01743, org.springframework.test.context.transaction.TransactionalTestExecutionListener@1dfeace9, org.springframework.test.context.jdbc.SqlScriptsTestExecutionListener@224c8a49, org.springframework.test.context.event.EventPublishingTestExecutionListener@43bac390, org.springframework.boot.test.autoconfigure.restdocs.RestDocsTestExecutionListener@1c0fbeab, org.springframework.boot.test.autoconfigure.web.client.MockRestServiceServerResetTestExecutionListener@747ec027, org.springframework.boot.test.autoconfigure.web.servlet.MockMvcPrintOnlyOnFailureTestExecutionListener@32260223, org.springframework.boot.test.autoconfigure.web.servlet.WebDriverTestExecutionListener@2795f1b4, org.springframework.boot.test.mock.mockito.ResetMocksTestExecutionListener@460ef90b]

  .   ____          _            __ _ _
 /\\ / ___'_ __ _ _(_)_ __  __ _ \ \ \ \
( ( )\___ | '_ | '_| | '_ \/ _` | \ \ \ \
 \\/  ___)| |_)| | | | | || (_| |  ) ) ) )
  '  |____| .__|_| |_|_| |_\__, | / / / /
 =========|_|==============|___/=/_/_/_/
 :: Spring Boot ::        (v2.2.1.RELEASE)

2021-04-29 23:30:49.605  INFO 8772 --- [    Test worker] c.H.controller.RequestControllerTest     : Starting RequestControllerTest on DESKTOP-R7AB2GV with PID 8772 (started by JAESEUNG in C:\Users\JAESEUNG\IdeaProjects\AbstractCnS\Hotel)
2021-04-29 23:30:49.607  INFO 8772 --- [    Test worker] c.H.controller.RequestControllerTest     : No active profile set, falling back to default profiles: default
2021-04-29 23:30:50.338  INFO 8772 --- [    Test worker] o.s.s.concurrent.ThreadPoolTaskExecutor  : Initializing ExecutorService 'applicationTaskExecutor'
2021-04-29 23:30:50.700  INFO 8772 --- [    Test worker] o.s.b.t.m.w.SpringBootMockServletContext : Initializing Spring TestDispatcherServlet ''
2021-04-29 23:30:50.700  INFO 8772 --- [    Test worker] o.s.t.web.servlet.TestDispatcherServlet  : Initializing Servlet ''
2021-04-29 23:30:50.727  INFO 8772 --- [    Test worker] o.s.t.web.servlet.TestDispatcherServlet  : Completed initialization in 26 ms
2021-04-29 23:30:50.775  INFO 8772 --- [    Test worker] c.H.controller.RequestControllerTest     : Started RequestControllerTest in 1.254 seconds (JVM running for 7.559)
]]></system-out>
  <system-err><![CDATA[]]></system-err>
</testsuite>
