<?xml version="1.0" encoding="UTF-8"?>
<testsuite name="com.HotelService.controller.AdminControllerTest" tests="4" skipped="0" failures="0" errors="0" timestamp="2021-04-20T16:07:25" hostname="DESKTOP-R7AB2GV" time="0.431">
  <properties/>
  <testcase name="create" classname="com.HotelService.controller.AdminControllerTest" time="0.32"/>
  <testcase name="update" classname="com.HotelService.controller.AdminControllerTest" time="0.046"/>
  <testcase name="list" classname="com.HotelService.controller.AdminControllerTest" time="0.039"/>
  <testcase name="checkout" classname="com.HotelService.controller.AdminControllerTest" time="0.017"/>
  <system-out><![CDATA[01:07:21.321 [Test worker] DEBUG org.springframework.test.context.junit4.SpringJUnit4ClassRunner - SpringJUnit4ClassRunner constructor called with [class com.HotelService.controller.AdminControllerTest]
01:07:21.332 [Test worker] DEBUG org.springframework.test.context.BootstrapUtils - Instantiating CacheAwareContextLoaderDelegate from class [org.springframework.test.context.cache.DefaultCacheAwareContextLoaderDelegate]
01:07:21.345 [Test worker] DEBUG org.springframework.test.context.BootstrapUtils - Instantiating BootstrapContext using constructor [public org.springframework.test.context.support.DefaultBootstrapContext(java.lang.Class,org.springframework.test.context.CacheAwareContextLoaderDelegate)]
01:07:21.415 [Test worker] DEBUG org.springframework.test.context.BootstrapUtils - Instantiating TestContextBootstrapper for test class [com.HotelService.controller.AdminControllerTest] from class [org.springframework.boot.test.autoconfigure.web.servlet.WebMvcTestContextBootstrapper]
01:07:21.443 [Test worker] INFO org.springframework.boot.test.autoconfigure.web.servlet.WebMvcTestContextBootstrapper - Neither @ContextConfiguration nor @ContextHierarchy found for test class [com.HotelService.controller.AdminControllerTest], using SpringBootContextLoader
01:07:21.450 [Test worker] DEBUG org.springframework.test.context.support.AbstractContextLoader - Did not detect default resource location for test class [com.HotelService.controller.AdminControllerTest]: class path resource [com/HotelService/controller/AdminControllerTest-context.xml] does not exist
01:07:21.452 [Test worker] DEBUG org.springframework.test.context.support.AbstractContextLoader - Did not detect default resource location for test class [com.HotelService.controller.AdminControllerTest]: class path resource [com/HotelService/controller/AdminControllerTestContext.groovy] does not exist
01:07:21.452 [Test worker] INFO org.springframework.test.context.support.AbstractContextLoader - Could not detect default resource locations for test class [com.HotelService.controller.AdminControllerTest]: no resource found for suffixes {-context.xml, Context.groovy}.
01:07:21.453 [Test worker] INFO org.springframework.test.context.support.AnnotationConfigContextLoaderUtils - Could not detect default configuration classes for test class [com.HotelService.controller.AdminControllerTest]: AdminControllerTest does not declare any static, non-private, non-final, nested classes annotated with @Configuration.
01:07:21.573 [Test worker] DEBUG org.springframework.test.context.support.ActiveProfilesUtils - Could not find an 'annotation declaring class' for annotation type [org.springframework.test.context.ActiveProfiles] and class [com.HotelService.controller.AdminControllerTest]
01:07:21.728 [Test worker] DEBUG org.springframework.context.annotation.ClassPathScanningCandidateComponentProvider - Identified candidate component class: file [C:\Users\JAESEUNG\IdeaProjects\AbstractCnS\Hotel\build\classes\java\main\com\HotelService\HotelApplication.class]
01:07:21.731 [Test worker] INFO org.springframework.boot.test.context.SpringBootTestContextBootstrapper - Found @SpringBootConfiguration com.HotelService.HotelApplication for test class com.HotelService.controller.AdminControllerTest
01:07:21.739 [Test worker] DEBUG org.springframework.boot.test.autoconfigure.web.servlet.WebMvcTestContextBootstrapper - @TestExecutionListeners is not present for class [com.HotelService.controller.AdminControllerTest]: using defaults.
01:07:21.742 [Test worker] INFO org.springframework.boot.test.autoconfigure.web.servlet.WebMvcTestContextBootstrapper - Loaded default TestExecutionListener class names from location [META-INF/spring.factories]: [org.springframework.boot.test.autoconfigure.restdocs.RestDocsTestExecutionListener, org.springframework.boot.test.autoconfigure.web.client.MockRestServiceServerResetTestExecutionListener, org.springframework.boot.test.autoconfigure.web.servlet.MockMvcPrintOnlyOnFailureTestExecutionListener, org.springframework.boot.test.autoconfigure.web.servlet.WebDriverTestExecutionListener, org.springframework.boot.test.mock.mockito.MockitoTestExecutionListener, org.springframework.boot.test.mock.mockito.ResetMocksTestExecutionListener, org.springframework.test.context.web.ServletTestExecutionListener, org.springframework.test.context.support.DirtiesContextBeforeModesTestExecutionListener, org.springframework.test.context.support.DependencyInjectionTestExecutionListener, org.springframework.test.context.support.DirtiesContextTestExecutionListener, org.springframework.test.context.transaction.TransactionalTestExecutionListener, org.springframework.test.context.jdbc.SqlScriptsTestExecutionListener, org.springframework.test.context.event.EventPublishingTestExecutionListener]
01:07:21.773 [Test worker] INFO org.springframework.boot.test.autoconfigure.web.servlet.WebMvcTestContextBootstrapper - Using TestExecutionListeners: [org.springframework.test.context.web.ServletTestExecutionListener@4016783e, org.springframework.test.context.support.DirtiesContextBeforeModesTestExecutionListener@30d6a56c, org.springframework.boot.test.mock.mockito.MockitoTestExecutionListener@2be646cc, org.springframework.boot.test.autoconfigure.SpringBootDependencyInjectionTestExecutionListener@30ff7489, org.springframework.test.context.support.DirtiesContextTestExecutionListener@43db2d20, org.springframework.test.context.transaction.TransactionalTestExecutionListener@46230df2, org.springframework.test.context.jdbc.SqlScriptsTestExecutionListener@5f6ae3dc, org.springframework.test.context.event.EventPublishingTestExecutionListener@14fa8f84, org.springframework.boot.test.autoconfigure.restdocs.RestDocsTestExecutionListener@e520216, org.springframework.boot.test.autoconfigure.web.client.MockRestServiceServerResetTestExecutionListener@50c0c2b3, org.springframework.boot.test.autoconfigure.web.servlet.MockMvcPrintOnlyOnFailureTestExecutionListener@58bcbf74, org.springframework.boot.test.autoconfigure.web.servlet.WebDriverTestExecutionListener@187a9d48, org.springframework.boot.test.mock.mockito.ResetMocksTestExecutionListener@6266ee3]
01:07:21.778 [Test worker] DEBUG org.springframework.test.annotation.ProfileValueUtils - Retrieved @ProfileValueSourceConfiguration [null] for test class [com.HotelService.controller.AdminControllerTest]
01:07:21.780 [Test worker] DEBUG org.springframework.test.annotation.ProfileValueUtils - Retrieved ProfileValueSource type [class org.springframework.test.annotation.SystemProfileValueSource] for class [com.HotelService.controller.AdminControllerTest]
01:07:21.781 [Test worker] DEBUG org.springframework.test.annotation.ProfileValueUtils - Retrieved @ProfileValueSourceConfiguration [null] for test class [com.HotelService.controller.AdminControllerTest]
01:07:21.781 [Test worker] DEBUG org.springframework.test.annotation.ProfileValueUtils - Retrieved ProfileValueSource type [class org.springframework.test.annotation.SystemProfileValueSource] for class [com.HotelService.controller.AdminControllerTest]
01:07:21.791 [Test worker] DEBUG org.springframework.test.context.support.AbstractDirtiesContextTestExecutionListener - Before test class: context [DefaultTestContext@73953d0e testClass = AdminControllerTest, testInstance = [null], testMethod = [null], testException = [null], mergedContextConfiguration = [WebMergedContextConfiguration@6b6fcc7a testClass = AdminControllerTest, locations = '{}', classes = '{class com.HotelService.HotelApplication}', contextInitializerClasses = '[]', activeProfiles = '{}', propertySourceLocations = '{}', propertySourceProperties = '{org.springframework.boot.test.autoconfigure.web.servlet.WebMvcTestContextBootstrapper=true}', contextCustomizers = set[org.springframework.boot.test.autoconfigure.OverrideAutoConfigurationContextCustomizerFactory$DisableAutoConfigurationContextCustomizer@7a750dcd, org.springframework.boot.test.autoconfigure.filter.TypeExcludeFiltersContextCustomizer@8fd53227, org.springframework.boot.test.autoconfigure.properties.PropertyMappingContextCustomizer@47d3a396, org.springframework.boot.test.autoconfigure.web.servlet.WebDriverContextCustomizerFactory$Customizer@575b5384, [ImportsContextCustomizer@2ee310fb key = [org.springframework.boot.autoconfigure.cache.CacheAutoConfiguration, org.springframework.boot.autoconfigure.context.MessageSourceAutoConfiguration, org.springframework.boot.autoconfigure.data.web.SpringDataWebAutoConfiguration, org.springframework.boot.autoconfigure.freemarker.FreeMarkerAutoConfiguration, org.springframework.boot.autoconfigure.groovy.template.GroovyTemplateAutoConfiguration, org.springframework.boot.autoconfigure.gson.GsonAutoConfiguration, org.springframework.boot.autoconfigure.hateoas.HypermediaAutoConfiguration, org.springframework.boot.autoconfigure.http.HttpMessageConvertersAutoConfiguration, org.springframework.boot.autoconfigure.jackson.JacksonAutoConfiguration, org.springframework.boot.autoconfigure.jsonb.JsonbAutoConfiguration, org.springframework.boot.autoconfigure.mustache.MustacheAutoConfiguration, org.springframework.boot.autoconfigure.task.TaskExecutionAutoConfiguration, org.springframework.boot.autoconfigure.thymeleaf.ThymeleafAutoConfiguration, org.springframework.boot.autoconfigure.validation.ValidationAutoConfiguration, org.springframework.boot.autoconfigure.web.servlet.error.ErrorMvcAutoConfiguration, org.springframework.boot.autoconfigure.web.servlet.WebMvcAutoConfiguration, org.springframework.boot.test.autoconfigure.web.servlet.MockMvcAutoConfiguration, org.springframework.boot.test.autoconfigure.web.servlet.MockMvcWebClientAutoConfiguration, org.springframework.boot.test.autoconfigure.web.servlet.MockMvcWebDriverAutoConfiguration, org.springframework.boot.autoconfigure.security.servlet.SecurityAutoConfiguration, org.springframework.boot.autoconfigure.security.servlet.UserDetailsServiceAutoConfiguration, org.springframework.boot.test.autoconfigure.web.servlet.MockMvcSecurityConfiguration]], org.springframework.boot.test.context.filter.ExcludeFilterContextCustomizer@48369c0c, org.springframework.boot.test.json.DuplicateJsonObjectContextCustomizerFactory$DuplicateJsonObjectContextCustomizer@6e580864, org.springframework.boot.test.mock.mockito.MockitoContextCustomizer@aae73aae], resourceBasePath = 'src/main/webapp', contextLoader = 'org.springframework.boot.test.context.SpringBootContextLoader', parent = [null]], attributes = map[[empty]]], class annotated with @DirtiesContext [false] with mode [null].
01:07:21.795 [Test worker] DEBUG org.springframework.test.annotation.ProfileValueUtils - Retrieved @ProfileValueSourceConfiguration [null] for test class [com.HotelService.controller.AdminControllerTest]
01:07:21.795 [Test worker] DEBUG org.springframework.test.annotation.ProfileValueUtils - Retrieved ProfileValueSource type [class org.springframework.test.annotation.SystemProfileValueSource] for class [com.HotelService.controller.AdminControllerTest]
01:07:21.956 [Test worker] DEBUG org.springframework.test.context.support.TestPropertySourceUtils - Adding inlined properties to environment: {spring.jmx.enabled=false, org.springframework.boot.test.autoconfigure.web.servlet.WebMvcTestContextBootstrapper=true, server.port=-1}

  .   ____          _            __ _ _
 /\\ / ___'_ __ _ _(_)_ __  __ _ \ \ \ \
( ( )\___ | '_ | '_| | '_ \/ _` | \ \ \ \
 \\/  ___)| |_)| | | | | || (_| |  ) ) ) )
  '  |____| .__|_| |_|_| |_\__, | / / / /
 =========|_|==============|___/=/_/_/_/
 :: Spring Boot ::        (v2.2.1.RELEASE)

2021-04-21 01:07:22.397  INFO 9220 --- [    Test worker] c.H.controller.AdminControllerTest       : Starting AdminControllerTest on DESKTOP-R7AB2GV with PID 9220 (started by JAESEUNG in C:\Users\JAESEUNG\IdeaProjects\AbstractCnS\Hotel)
2021-04-21 01:07:22.400  INFO 9220 --- [    Test worker] c.H.controller.AdminControllerTest       : No active profile set, falling back to default profiles: default
2021-04-21 01:07:25.186  INFO 9220 --- [    Test worker] o.s.s.concurrent.ThreadPoolTaskExecutor  : Initializing ExecutorService 'applicationTaskExecutor'
2021-04-21 01:07:25.597  INFO 9220 --- [    Test worker] o.s.b.t.m.w.SpringBootMockServletContext : Initializing Spring TestDispatcherServlet ''
2021-04-21 01:07:25.597  INFO 9220 --- [    Test worker] o.s.t.web.servlet.TestDispatcherServlet  : Initializing Servlet ''
2021-04-21 01:07:25.616  INFO 9220 --- [    Test worker] o.s.t.web.servlet.TestDispatcherServlet  : Completed initialization in 19 ms
2021-04-21 01:07:25.672  INFO 9220 --- [    Test worker] c.H.controller.AdminControllerTest       : Started AdminControllerTest in 3.698 seconds (JVM running for 5.937)
2021-04-21 01:07:25.743  INFO 9220 --- [    Test worker] o.s.b.t.m.w.SpringBootMockServletContext : Initializing Spring TestDispatcherServlet ''
2021-04-21 01:07:25.744  INFO 9220 --- [    Test worker] o.s.t.web.servlet.TestDispatcherServlet  : Initializing Servlet ''
2021-04-21 01:07:25.750  INFO 9220 --- [    Test worker] o.s.t.web.servlet.TestDispatcherServlet  : Completed initialization in 5 ms
2021-04-21 01:07:26.044  INFO 9220 --- [    Test worker] o.s.b.t.m.w.SpringBootMockServletContext : Initializing Spring TestDispatcherServlet ''
2021-04-21 01:07:26.044  INFO 9220 --- [    Test worker] o.s.t.web.servlet.TestDispatcherServlet  : Initializing Servlet ''
2021-04-21 01:07:26.048  INFO 9220 --- [    Test worker] o.s.t.web.servlet.TestDispatcherServlet  : Completed initialization in 4 ms
2021-04-21 01:07:26.092  INFO 9220 --- [    Test worker] o.s.b.t.m.w.SpringBootMockServletContext : Initializing Spring TestDispatcherServlet ''
2021-04-21 01:07:26.092  INFO 9220 --- [    Test worker] o.s.t.web.servlet.TestDispatcherServlet  : Initializing Servlet ''
2021-04-21 01:07:26.097  INFO 9220 --- [    Test worker] o.s.t.web.servlet.TestDispatcherServlet  : Completed initialization in 5 ms
2021-04-21 01:07:26.138  INFO 9220 --- [    Test worker] o.s.b.t.m.w.SpringBootMockServletContext : Initializing Spring TestDispatcherServlet ''
2021-04-21 01:07:26.138  INFO 9220 --- [    Test worker] o.s.t.web.servlet.TestDispatcherServlet  : Initializing Servlet ''
2021-04-21 01:07:26.141  INFO 9220 --- [    Test worker] o.s.t.web.servlet.TestDispatcherServlet  : Completed initialization in 3 ms
]]></system-out>
  <system-err><![CDATA[]]></system-err>
</testsuite>
