<?xml version="1.0" encoding="UTF-8"?>
<testsuite name="com.HotelService.service.AcceptServiceTest" tests="2" skipped="0" failures="0" errors="0" timestamp="2021-06-08T14:45:14" hostname="DESKTOP-R7AB2GV" time="0.041">
  <properties/>
  <testcase name="cancel" classname="com.HotelService.service.AcceptServiceTest" time="0.033"/>
  <testcase name="addGuest" classname="com.HotelService.service.AcceptServiceTest" time="0.006"/>
  <system-out><![CDATA[]]></system-out>
  <system-err><![CDATA[]]></system-err>
</testsuite>
