<?xml version="1.0" encoding="UTF-8"?>
<testsuite name="com.HotelService.controller.AdminControllerTest" tests="4" skipped="0" failures="0" errors="0" timestamp="2021-05-18T13:17:56" hostname="DESKTOP-R7AB2GV" time="0.196">
  <properties/>
  <testcase name="create" classname="com.HotelService.controller.AdminControllerTest" time="0.113"/>
  <testcase name="update" classname="com.HotelService.controller.AdminControllerTest" time="0.045"/>
  <testcase name="list" classname="com.HotelService.controller.AdminControllerTest" time="0.023"/>
  <testcase name="checkout" classname="com.HotelService.controller.AdminControllerTest" time="0.009"/>
  <system-out><![CDATA[2021-05-18 22:17:55.476  INFO 10320 --- [    Test worker] .b.t.a.w.s.WebMvcTestContextBootstrapper : Neither @ContextConfiguration nor @ContextHierarchy found for test class [com.HotelService.controller.AdminControllerTest], using SpringBootContextLoader
2021-05-18 22:17:55.476  INFO 10320 --- [    Test worker] o.s.t.c.support.AbstractContextLoader    : Could not detect default resource locations for test class [com.HotelService.controller.AdminControllerTest]: no resource found for suffixes {-context.xml, Context.groovy}.
2021-05-18 22:17:55.476  INFO 10320 --- [    Test worker] t.c.s.AnnotationConfigContextLoaderUtils : Could not detect default configuration classes for test class [com.HotelService.controller.AdminControllerTest]: AdminControllerTest does not declare any static, non-private, non-final, nested classes annotated with @Configuration.
2021-05-18 22:17:55.476  INFO 10320 --- [    Test worker] .b.t.c.SpringBootTestContextBootstrapper : Found @SpringBootConfiguration com.HotelService.HotelApplication for test class com.HotelService.controller.AdminControllerTest
2021-05-18 22:17:55.476  INFO 10320 --- [    Test worker] .b.t.a.w.s.WebMvcTestContextBootstrapper : Loaded default TestExecutionListener class names from location [META-INF/spring.factories]: [org.springframework.boot.test.autoconfigure.restdocs.RestDocsTestExecutionListener, org.springframework.boot.test.autoconfigure.web.client.MockRestServiceServerResetTestExecutionListener, org.springframework.boot.test.autoconfigure.web.servlet.MockMvcPrintOnlyOnFailureTestExecutionListener, org.springframework.boot.test.autoconfigure.web.servlet.WebDriverTestExecutionListener, org.springframework.boot.test.mock.mockito.MockitoTestExecutionListener, org.springframework.boot.test.mock.mockito.ResetMocksTestExecutionListener, org.springframework.test.context.web.ServletTestExecutionListener, org.springframework.test.context.support.DirtiesContextBeforeModesTestExecutionListener, org.springframework.test.context.support.DependencyInjectionTestExecutionListener, org.springframework.test.context.support.DirtiesContextTestExecutionListener, org.springframework.test.context.transaction.TransactionalTestExecutionListener, org.springframework.test.context.jdbc.SqlScriptsTestExecutionListener, org.springframework.test.context.event.EventPublishingTestExecutionListener]
2021-05-18 22:17:55.476  INFO 10320 --- [    Test worker] .b.t.a.w.s.WebMvcTestContextBootstrapper : Using TestExecutionListeners: [org.springframework.test.context.web.ServletTestExecutionListener@43c20966, org.springframework.test.context.support.DirtiesContextBeforeModesTestExecutionListener@1ea104eb, org.springframework.boot.test.mock.mockito.MockitoTestExecutionListener@397ec353, org.springframework.boot.test.autoconfigure.SpringBootDependencyInjectionTestExecutionListener@7cb5c7fa, org.springframework.test.context.support.DirtiesContextTestExecutionListener@2fef7833, org.springframework.test.context.transaction.TransactionalTestExecutionListener@397fb779, org.springframework.test.context.jdbc.SqlScriptsTestExecutionListener@76d49f5e, org.springframework.test.context.event.EventPublishingTestExecutionListener@248c0c69, org.springframework.boot.test.autoconfigure.restdocs.RestDocsTestExecutionListener@7076d62b, org.springframework.boot.test.autoconfigure.web.client.MockRestServiceServerResetTestExecutionListener@34f66323, org.springframework.boot.test.autoconfigure.web.servlet.MockMvcPrintOnlyOnFailureTestExecutionListener@660a248c, org.springframework.boot.test.autoconfigure.web.servlet.WebDriverTestExecutionListener@22219360, org.springframework.boot.test.mock.mockito.ResetMocksTestExecutionListener@6420de81]

  .   ____          _            __ _ _
 /\\ / ___'_ __ _ _(_)_ __  __ _ \ \ \ \
( ( )\___ | '_ | '_| | '_ \/ _` | \ \ \ \
 \\/  ___)| |_)| | | | | || (_| |  ) ) ) )
  '  |____| .__|_| |_|_| |_\__, | / / / /
 =========|_|==============|___/=/_/_/_/
 :: Spring Boot ::        (v2.2.1.RELEASE)

2021-05-18 22:17:55.522  INFO 10320 --- [    Test worker] c.H.controller.AdminControllerTest       : Starting AdminControllerTest on DESKTOP-R7AB2GV with PID 10320 (started by JAESEUNG in C:\Users\JAESEUNG\IdeaProjects\AbstractCnS\Hotel)
2021-05-18 22:17:55.522  INFO 10320 --- [    Test worker] c.H.controller.AdminControllerTest       : No active profile set, falling back to default profiles: default
2021-05-18 22:17:55.960  INFO 10320 --- [    Test worker] o.s.s.concurrent.ThreadPoolTaskExecutor  : Initializing ExecutorService 'applicationTaskExecutor'
2021-05-18 22:17:56.116  INFO 10320 --- [    Test worker] o.s.b.t.m.w.SpringBootMockServletContext : Initializing Spring TestDispatcherServlet ''
2021-05-18 22:17:56.116  INFO 10320 --- [    Test worker] o.s.t.web.servlet.TestDispatcherServlet  : Initializing Servlet ''
2021-05-18 22:17:56.132  INFO 10320 --- [    Test worker] o.s.t.web.servlet.TestDispatcherServlet  : Completed initialization in 16 ms
2021-05-18 22:17:56.147  INFO 10320 --- [    Test worker] c.H.controller.AdminControllerTest       : Started AdminControllerTest in 0.665 seconds (JVM running for 4.984)
2021-05-18 22:17:56.163  INFO 10320 --- [    Test worker] o.s.b.t.m.w.SpringBootMockServletContext : Initializing Spring TestDispatcherServlet ''
2021-05-18 22:17:56.163  INFO 10320 --- [    Test worker] o.s.t.web.servlet.TestDispatcherServlet  : Initializing Servlet ''
2021-05-18 22:17:56.163  INFO 10320 --- [    Test worker] o.s.t.web.servlet.TestDispatcherServlet  : Completed initialization in 0 ms
2021-05-18 22:17:56.272  INFO 10320 --- [    Test worker] o.s.b.t.m.w.SpringBootMockServletContext : Initializing Spring TestDispatcherServlet ''
2021-05-18 22:17:56.272  INFO 10320 --- [    Test worker] o.s.t.web.servlet.TestDispatcherServlet  : Initializing Servlet ''
2021-05-18 22:17:56.272  INFO 10320 --- [    Test worker] o.s.t.web.servlet.TestDispatcherServlet  : Completed initialization in 0 ms
2021-05-18 22:17:56.319  INFO 10320 --- [    Test worker] o.s.b.t.m.w.SpringBootMockServletContext : Initializing Spring TestDispatcherServlet ''
2021-05-18 22:17:56.319  INFO 10320 --- [    Test worker] o.s.t.web.servlet.TestDispatcherServlet  : Initializing Servlet ''
2021-05-18 22:17:56.319  INFO 10320 --- [    Test worker] o.s.t.web.servlet.TestDispatcherServlet  : Completed initialization in 0 ms
2021-05-18 22:17:56.351  INFO 10320 --- [    Test worker] o.s.b.t.m.w.SpringBootMockServletContext : Initializing Spring TestDispatcherServlet ''
2021-05-18 22:17:56.351  INFO 10320 --- [    Test worker] o.s.t.web.servlet.TestDispatcherServlet  : Initializing Servlet ''
2021-05-18 22:17:56.351  INFO 10320 --- [    Test worker] o.s.t.web.servlet.TestDispatcherServlet  : Completed initialization in 0 ms
]]></system-out>
  <system-err><![CDATA[]]></system-err>
</testsuite>
