<?xml version="1.0" encoding="UTF-8"?>
<testsuite name="com.HotelService.service.AdminServiceTest" tests="4" skipped="0" failures="0" errors="0" timestamp="2021-05-01T05:11:46" hostname="DESKTOP-R7AB2GV" time="0.099">
  <properties/>
  <testcase name="delete" classname="com.HotelService.service.AdminServiceTest" time="0.093"/>
  <testcase name="addGuest" classname="com.HotelService.service.AdminServiceTest" time="0.002"/>
  <testcase name="update" classname="com.HotelService.service.AdminServiceTest" time="0.002"/>
  <testcase name="getGuest" classname="com.HotelService.service.AdminServiceTest" time="0.002"/>
  <system-out><![CDATA[false
]]></system-out>
  <system-err><![CDATA[]]></system-err>
</testsuite>
