<?xml version="1.0" encoding="UTF-8"?>
<testsuite name="com.HotelService.service.AdminServiceTest" tests="4" skipped="0" failures="0" errors="0" timestamp="2021-04-29T14:46:32" hostname="DESKTOP-R7AB2GV" time="0.217">
  <properties/>
  <testcase name="delete" classname="com.HotelService.service.AdminServiceTest" time="0.193"/>
  <testcase name="addGuest" classname="com.HotelService.service.AdminServiceTest" time="0.006"/>
  <testcase name="update" classname="com.HotelService.service.AdminServiceTest" time="0.006"/>
  <testcase name="getGuest" classname="com.HotelService.service.AdminServiceTest" time="0.007"/>
  <system-out><![CDATA[]]></system-out>
  <system-err><![CDATA[]]></system-err>
</testsuite>
