<?xml version="1.0" encoding="UTF-8"?>
<testsuite name="com.HotelService.controller.RequestControllerTest" tests="2" skipped="0" failures="0" errors="0" timestamp="2021-04-28T08:15:00" hostname="DESKTOP-R7AB2GV" time="0.036">
  <properties/>
  <testcase name="cancel" classname="com.HotelService.controller.RequestControllerTest" time="0.024"/>
  <testcase name="list" classname="com.HotelService.controller.RequestControllerTest" time="0.009"/>
  <system-out><![CDATA[2021-04-28 17:14:58.959  INFO 3660 --- [    Test worker] .b.t.a.w.s.WebMvcTestContextBootstrapper : Neither @ContextConfiguration nor @ContextHierarchy found for test class [com.HotelService.controller.RequestControllerTest], using SpringBootContextLoader
2021-04-28 17:14:58.961  INFO 3660 --- [    Test worker] o.s.t.c.support.AbstractContextLoader    : Could not detect default resource locations for test class [com.HotelService.controller.RequestControllerTest]: no resource found for suffixes {-context.xml, Context.groovy}.
2021-04-28 17:14:58.963  INFO 3660 --- [    Test worker] t.c.s.AnnotationConfigContextLoaderUtils : Could not detect default configuration classes for test class [com.HotelService.controller.RequestControllerTest]: RequestControllerTest does not declare any static, non-private, non-final, nested classes annotated with @Configuration.
2021-04-28 17:14:58.972  INFO 3660 --- [    Test worker] .b.t.c.SpringBootTestContextBootstrapper : Found @SpringBootConfiguration com.HotelService.HotelApplication for test class com.HotelService.controller.RequestControllerTest
2021-04-28 17:14:58.974  INFO 3660 --- [    Test worker] .b.t.a.w.s.WebMvcTestContextBootstrapper : Loaded default TestExecutionListener class names from location [META-INF/spring.factories]: [org.springframework.boot.test.autoconfigure.restdocs.RestDocsTestExecutionListener, org.springframework.boot.test.autoconfigure.web.client.MockRestServiceServerResetTestExecutionListener, org.springframework.boot.test.autoconfigure.web.servlet.MockMvcPrintOnlyOnFailureTestExecutionListener, org.springframework.boot.test.autoconfigure.web.servlet.WebDriverTestExecutionListener, org.springframework.boot.test.mock.mockito.MockitoTestExecutionListener, org.springframework.boot.test.mock.mockito.ResetMocksTestExecutionListener, org.springframework.test.context.web.ServletTestExecutionListener, org.springframework.test.context.support.DirtiesContextBeforeModesTestExecutionListener, org.springframework.test.context.support.DependencyInjectionTestExecutionListener, org.springframework.test.context.support.DirtiesContextTestExecutionListener, org.springframework.test.context.transaction.TransactionalTestExecutionListener, org.springframework.test.context.jdbc.SqlScriptsTestExecutionListener, org.springframework.test.context.event.EventPublishingTestExecutionListener]
2021-04-28 17:14:58.975  INFO 3660 --- [    Test worker] .b.t.a.w.s.WebMvcTestContextBootstrapper : Using TestExecutionListeners: [org.springframework.test.context.web.ServletTestExecutionListener@23dbac58, org.springframework.test.context.support.DirtiesContextBeforeModesTestExecutionListener@4faa2448, org.springframework.boot.test.mock.mockito.MockitoTestExecutionListener@57152891, org.springframework.boot.test.autoconfigure.SpringBootDependencyInjectionTestExecutionListener@d0855e9, org.springframework.test.context.support.DirtiesContextTestExecutionListener@73cf917c, org.springframework.test.context.transaction.TransactionalTestExecutionListener@6dd96329, org.springframework.test.context.jdbc.SqlScriptsTestExecutionListener@13f69fa3, org.springframework.test.context.event.EventPublishingTestExecutionListener@5c9e2729, org.springframework.boot.test.autoconfigure.restdocs.RestDocsTestExecutionListener@535509b7, org.springframework.boot.test.autoconfigure.web.client.MockRestServiceServerResetTestExecutionListener@7533e8df, org.springframework.boot.test.autoconfigure.web.servlet.MockMvcPrintOnlyOnFailureTestExecutionListener@529f7a5d, org.springframework.boot.test.autoconfigure.web.servlet.WebDriverTestExecutionListener@7f15b848, org.springframework.boot.test.mock.mockito.ResetMocksTestExecutionListener@4f61eac]

  .   ____          _            __ _ _
 /\\ / ___'_ __ _ _(_)_ __  __ _ \ \ \ \
( ( )\___ | '_ | '_| | '_ \/ _` | \ \ \ \
 \\/  ___)| |_)| | | | | || (_| |  ) ) ) )
  '  |____| .__|_| |_|_| |_\__, | / / / /
 =========|_|==============|___/=/_/_/_/
 :: Spring Boot ::        (v2.2.1.RELEASE)

2021-04-28 17:14:59.056  INFO 3660 --- [    Test worker] c.H.controller.RequestControllerTest     : Starting RequestControllerTest on DESKTOP-R7AB2GV with PID 3660 (started by JAESEUNG in C:\Users\JAESEUNG\IdeaProjects\AbstractCnS\Hotel)
2021-04-28 17:14:59.058  INFO 3660 --- [    Test worker] c.H.controller.RequestControllerTest     : No active profile set, falling back to default profiles: default
2021-04-28 17:14:59.898  INFO 3660 --- [    Test worker] o.s.s.concurrent.ThreadPoolTaskExecutor  : Initializing ExecutorService 'applicationTaskExecutor'
2021-04-28 17:15:00.248  INFO 3660 --- [    Test worker] o.s.b.t.m.w.SpringBootMockServletContext : Initializing Spring TestDispatcherServlet ''
2021-04-28 17:15:00.248  INFO 3660 --- [    Test worker] o.s.t.web.servlet.TestDispatcherServlet  : Initializing Servlet ''
2021-04-28 17:15:00.273  INFO 3660 --- [    Test worker] o.s.t.web.servlet.TestDispatcherServlet  : Completed initialization in 25 ms
2021-04-28 17:15:00.308  INFO 3660 --- [    Test worker] c.H.controller.RequestControllerTest     : Started RequestControllerTest in 1.325 seconds (JVM running for 8.499)
]]></system-out>
  <system-err><![CDATA[]]></system-err>
</testsuite>
