<?xml version="1.0" encoding="UTF-8"?>
<testsuite name="com.HotelService.controller.RequestControllerTest" tests="2" skipped="0" failures="0" errors="0" timestamp="2021-05-01T05:11:46" hostname="DESKTOP-R7AB2GV" time="0.041">
  <properties/>
  <testcase name="cancel" classname="com.HotelService.controller.RequestControllerTest" time="0.026"/>
  <testcase name="list" classname="com.HotelService.controller.RequestControllerTest" time="0.013"/>
  <system-out><![CDATA[2021-05-01 14:11:45.269  INFO 2424 --- [    Test worker] .b.t.a.w.s.WebMvcTestContextBootstrapper : Neither @ContextConfiguration nor @ContextHierarchy found for test class [com.HotelService.controller.RequestControllerTest], using SpringBootContextLoader
2021-05-01 14:11:45.272  INFO 2424 --- [    Test worker] o.s.t.c.support.AbstractContextLoader    : Could not detect default resource locations for test class [com.HotelService.controller.RequestControllerTest]: no resource found for suffixes {-context.xml, Context.groovy}.
2021-05-01 14:11:45.273  INFO 2424 --- [    Test worker] t.c.s.AnnotationConfigContextLoaderUtils : Could not detect default configuration classes for test class [com.HotelService.controller.RequestControllerTest]: RequestControllerTest does not declare any static, non-private, non-final, nested classes annotated with @Configuration.
2021-05-01 14:11:45.284  INFO 2424 --- [    Test worker] .b.t.c.SpringBootTestContextBootstrapper : Found @SpringBootConfiguration com.HotelService.HotelApplication for test class com.HotelService.controller.RequestControllerTest
2021-05-01 14:11:45.285  INFO 2424 --- [    Test worker] .b.t.a.w.s.WebMvcTestContextBootstrapper : Loaded default TestExecutionListener class names from location [META-INF/spring.factories]: [org.springframework.boot.test.autoconfigure.restdocs.RestDocsTestExecutionListener, org.springframework.boot.test.autoconfigure.web.client.MockRestServiceServerResetTestExecutionListener, org.springframework.boot.test.autoconfigure.web.servlet.MockMvcPrintOnlyOnFailureTestExecutionListener, org.springframework.boot.test.autoconfigure.web.servlet.WebDriverTestExecutionListener, org.springframework.boot.test.mock.mockito.MockitoTestExecutionListener, org.springframework.boot.test.mock.mockito.ResetMocksTestExecutionListener, org.springframework.test.context.web.ServletTestExecutionListener, org.springframework.test.context.support.DirtiesContextBeforeModesTestExecutionListener, org.springframework.test.context.support.DependencyInjectionTestExecutionListener, org.springframework.test.context.support.DirtiesContextTestExecutionListener, org.springframework.test.context.transaction.TransactionalTestExecutionListener, org.springframework.test.context.jdbc.SqlScriptsTestExecutionListener, org.springframework.test.context.event.EventPublishingTestExecutionListener]
2021-05-01 14:11:45.286  INFO 2424 --- [    Test worker] .b.t.a.w.s.WebMvcTestContextBootstrapper : Using TestExecutionListeners: [org.springframework.test.context.web.ServletTestExecutionListener@59145e9e, org.springframework.test.context.support.DirtiesContextBeforeModesTestExecutionListener@3121c923, org.springframework.boot.test.mock.mockito.MockitoTestExecutionListener@56d1df7e, org.springframework.boot.test.autoconfigure.SpringBootDependencyInjectionTestExecutionListener@427e1a87, org.springframework.test.context.support.DirtiesContextTestExecutionListener@39655cf8, org.springframework.test.context.transaction.TransactionalTestExecutionListener@632f226, org.springframework.test.context.jdbc.SqlScriptsTestExecutionListener@5ec0e7b1, org.springframework.test.context.event.EventPublishingTestExecutionListener@6cd864cc, org.springframework.boot.test.autoconfigure.restdocs.RestDocsTestExecutionListener@7fc96733, org.springframework.boot.test.autoconfigure.web.client.MockRestServiceServerResetTestExecutionListener@6e7b092e, org.springframework.boot.test.autoconfigure.web.servlet.MockMvcPrintOnlyOnFailureTestExecutionListener@37df963f, org.springframework.boot.test.autoconfigure.web.servlet.WebDriverTestExecutionListener@180e6a0c, org.springframework.boot.test.mock.mockito.ResetMocksTestExecutionListener@2cca66c1]

  .   ____          _            __ _ _
 /\\ / ___'_ __ _ _(_)_ __  __ _ \ \ \ \
( ( )\___ | '_ | '_| | '_ \/ _` | \ \ \ \
 \\/  ___)| |_)| | | | | || (_| |  ) ) ) )
  '  |____| .__|_| |_|_| |_\__, | / / / /
 =========|_|==============|___/=/_/_/_/
 :: Spring Boot ::        (v2.2.1.RELEASE)

2021-05-01 14:11:45.350  INFO 2424 --- [    Test worker] c.H.controller.RequestControllerTest     : Starting RequestControllerTest on DESKTOP-R7AB2GV with PID 2424 (started by JAESEUNG in C:\Users\JAESEUNG\IdeaProjects\AbstractCnS\Hotel)
2021-05-01 14:11:45.352  INFO 2424 --- [    Test worker] c.H.controller.RequestControllerTest     : No active profile set, falling back to default profiles: default
2021-05-01 14:11:45.962  INFO 2424 --- [    Test worker] o.s.s.concurrent.ThreadPoolTaskExecutor  : Initializing ExecutorService 'applicationTaskExecutor'
2021-05-01 14:11:46.209  INFO 2424 --- [    Test worker] o.s.b.t.m.w.SpringBootMockServletContext : Initializing Spring TestDispatcherServlet ''
2021-05-01 14:11:46.210  INFO 2424 --- [    Test worker] o.s.t.web.servlet.TestDispatcherServlet  : Initializing Servlet ''
2021-05-01 14:11:46.229  INFO 2424 --- [    Test worker] o.s.t.web.servlet.TestDispatcherServlet  : Completed initialization in 19 ms
2021-05-01 14:11:46.257  INFO 2424 --- [    Test worker] c.H.controller.RequestControllerTest     : Started RequestControllerTest in 0.965 seconds (JVM running for 6.925)
]]></system-out>
  <system-err><![CDATA[]]></system-err>
</testsuite>
