<?xml version="1.0" encoding="UTF-8"?>
<testsuite name="com.HotelService.controller.AdminControllerTest" tests="5" skipped="0" failures="0" errors="0" timestamp="2021-06-11T20:00:29" hostname="DESKTOP-R7AB2GV" time="0.112">
  <properties/>
  <testcase name="update" classname="com.HotelService.controller.AdminControllerTest" time="0.066"/>
  <testcase name="list" classname="com.HotelService.controller.AdminControllerTest" time="0.015"/>
  <testcase name="roomAdd" classname="com.HotelService.controller.AdminControllerTest" time="0.008"/>
  <testcase name="checkout" classname="com.HotelService.controller.AdminControllerTest" time="0.008"/>
  <testcase name="roomupdate" classname="com.HotelService.controller.AdminControllerTest" time="0.01"/>
  <system-out><![CDATA[
  .   ____          _            __ _ _
 /\\ / ___'_ __ _ _(_)_ __  __ _ \ \ \ \
( ( )\___ | '_ | '_| | '_ \/ _` | \ \ \ \
 \\/  ___)| |_)| | | | | || (_| |  ) ) ) )
  '  |____| .__|_| |_|_| |_\__, | / / / /
 =========|_|==============|___/=/_/_/_/
 :: Spring Boot ::        (v2.2.1.RELEASE)

2021-06-12 05:00:28.669  INFO 15976 --- [    Test worker] c.H.controller.AdminControllerTest       : Starting AdminControllerTest on DESKTOP-R7AB2GV with PID 15976 (started by JAESEUNG in C:\Users\JAESEUNG\IdeaProjects\AbstractCnS\Hotel)
2021-06-12 05:00:28.671  INFO 15976 --- [    Test worker] c.H.controller.AdminControllerTest       : No active profile set, falling back to default profiles: default
2021-06-12 05:00:29.050  INFO 15976 --- [    Test worker] o.s.s.concurrent.ThreadPoolTaskExecutor  : Initializing ExecutorService 'applicationTaskExecutor'
2021-06-12 05:00:29.257  INFO 15976 --- [    Test worker] o.s.b.t.m.w.SpringBootMockServletContext : Initializing Spring TestDispatcherServlet ''
2021-06-12 05:00:29.257  INFO 15976 --- [    Test worker] o.s.t.web.servlet.TestDispatcherServlet  : Initializing Servlet ''
2021-06-12 05:00:29.268  INFO 15976 --- [    Test worker] o.s.t.web.servlet.TestDispatcherServlet  : Completed initialization in 11 ms
2021-06-12 05:00:29.283  INFO 15976 --- [    Test worker] c.H.controller.AdminControllerTest       : Started AdminControllerTest in 0.646 seconds (JVM running for 4.919)
]]></system-out>
  <system-err><![CDATA[]]></system-err>
</testsuite>
