<?xml version="1.0" encoding="UTF-8"?>
<testsuite name="com.HotelService.service.AdminServiceTest" tests="1" skipped="0" failures="0" errors="0" timestamp="2021-04-22T14:44:18" hostname="DESKTOP-R7AB2GV" time="0.816">
  <properties/>
  <testcase name="addGuest" classname="com.HotelService.service.AdminServiceTest" time="0.816"/>
  <system-out><![CDATA[]]></system-out>
  <system-err><![CDATA[]]></system-err>
</testsuite>
