<?xml version="1.0" encoding="UTF-8"?>
<testsuite name="com.HotelService.controller.AdminControllerTest" tests="5" skipped="0" failures="0" errors="0" timestamp="2021-06-16T07:46:15" hostname="DESKTOP-R7AB2GV" time="0.132">
  <properties/>
  <testcase name="update" classname="com.HotelService.controller.AdminControllerTest" time="0.061"/>
  <testcase name="list" classname="com.HotelService.controller.AdminControllerTest" time="0.026"/>
  <testcase name="roomAdd" classname="com.HotelService.controller.AdminControllerTest" time="0.012"/>
  <testcase name="checkout" classname="com.HotelService.controller.AdminControllerTest" time="0.013"/>
  <testcase name="roomupdate" classname="com.HotelService.controller.AdminControllerTest" time="0.012"/>
  <system-out><![CDATA[
  .   ____          _            __ _ _
 /\\ / ___'_ __ _ _(_)_ __  __ _ \ \ \ \
( ( )\___ | '_ | '_| | '_ \/ _` | \ \ \ \
 \\/  ___)| |_)| | | | | || (_| |  ) ) ) )
  '  |____| .__|_| |_|_| |_\__, | / / / /
 =========|_|==============|___/=/_/_/_/
 :: Spring Boot ::        (v2.2.1.RELEASE)

2021-06-16 16:46:14.952  INFO 4988 --- [    Test worker] c.H.controller.AdminControllerTest       : Starting AdminControllerTest on DESKTOP-R7AB2GV with PID 4988 (started by JAESEUNG in C:\Users\JAESEUNG\IdeaProjects\AbstractCnS\Hotel)
2021-06-16 16:46:14.953  INFO 4988 --- [    Test worker] c.H.controller.AdminControllerTest       : No active profile set, falling back to default profiles: default
2021-06-16 16:46:15.408  INFO 4988 --- [    Test worker] o.s.s.concurrent.ThreadPoolTaskExecutor  : Initializing ExecutorService 'applicationTaskExecutor'
2021-06-16 16:46:15.627  INFO 4988 --- [    Test worker] o.s.b.t.m.w.SpringBootMockServletContext : Initializing Spring TestDispatcherServlet ''
2021-06-16 16:46:15.627  INFO 4988 --- [    Test worker] o.s.t.web.servlet.TestDispatcherServlet  : Initializing Servlet ''
2021-06-16 16:46:15.637  INFO 4988 --- [    Test worker] o.s.t.web.servlet.TestDispatcherServlet  : Completed initialization in 10 ms
2021-06-16 16:46:15.659  INFO 4988 --- [    Test worker] c.H.controller.AdminControllerTest       : Started AdminControllerTest in 0.753 seconds (JVM running for 5.529)
]]></system-out>
  <system-err><![CDATA[]]></system-err>
</testsuite>
