<?xml version="1.0" encoding="UTF-8"?>
<testsuite name="com.HotelService.controller.AcceptControllerTest" tests="2" skipped="0" failures="0" errors="0" timestamp="2021-06-12T02:36:53" hostname="DESKTOP-R7AB2GV" time="0.025">
  <properties/>
  <testcase name="EmptyRoom" classname="com.HotelService.controller.AcceptControllerTest" time="0.01"/>
  <testcase name="checkIn" classname="com.HotelService.controller.AcceptControllerTest" time="0.014"/>
  <system-out><![CDATA[
  .   ____          _            __ _ _
 /\\ / ___'_ __ _ _(_)_ __  __ _ \ \ \ \
( ( )\___ | '_ | '_| | '_ \/ _` | \ \ \ \
 \\/  ___)| |_)| | | | | || (_| |  ) ) ) )
  '  |____| .__|_| |_|_| |_\__, | / / / /
 =========|_|==============|___/=/_/_/_/
 :: Spring Boot ::        (v2.2.1.RELEASE)

2021-06-12 11:36:52.985  INFO 11768 --- [    Test worker] c.H.controller.AcceptControllerTest      : Starting AcceptControllerTest on DESKTOP-R7AB2GV with PID 11768 (started by JAESEUNG in C:\Users\JAESEUNG\IdeaProjects\AbstractCnS\Hotel)
2021-06-12 11:36:52.986  INFO 11768 --- [    Test worker] c.H.controller.AcceptControllerTest      : No active profile set, falling back to default profiles: default
2021-06-12 11:36:53.379  INFO 11768 --- [    Test worker] o.s.s.concurrent.ThreadPoolTaskExecutor  : Initializing ExecutorService 'applicationTaskExecutor'
2021-06-12 11:36:53.554  INFO 11768 --- [    Test worker] o.s.b.t.m.w.SpringBootMockServletContext : Initializing Spring TestDispatcherServlet ''
2021-06-12 11:36:53.555  INFO 11768 --- [    Test worker] o.s.t.web.servlet.TestDispatcherServlet  : Initializing Servlet ''
2021-06-12 11:36:53.564  INFO 11768 --- [    Test worker] o.s.t.web.servlet.TestDispatcherServlet  : Completed initialization in 9 ms
2021-06-12 11:36:53.581  INFO 11768 --- [    Test worker] c.H.controller.AcceptControllerTest      : Started AcceptControllerTest in 0.649 seconds (JVM running for 4.988)
]]></system-out>
  <system-err><![CDATA[]]></system-err>
</testsuite>
