<?xml version="1.0" encoding="UTF-8"?>
<testsuite name="com.HotelService.controller.AdminControllerTest" tests="5" skipped="0" failures="0" errors="0" timestamp="2021-06-11T04:51:19" hostname="DESKTOP-R7AB2GV" time="0.199">
  <properties/>
  <testcase name="update" classname="com.HotelService.controller.AdminControllerTest" time="0.134"/>
  <testcase name="list" classname="com.HotelService.controller.AdminControllerTest" time="0.028"/>
  <testcase name="roomAdd" classname="com.HotelService.controller.AdminControllerTest" time="0.014"/>
  <testcase name="checkout" classname="com.HotelService.controller.AdminControllerTest" time="0.007"/>
  <testcase name="roomupdate" classname="com.HotelService.controller.AdminControllerTest" time="0.01"/>
  <system-out><![CDATA[
  .   ____          _            __ _ _
 /\\ / ___'_ __ _ _(_)_ __  __ _ \ \ \ \
( ( )\___ | '_ | '_| | '_ \/ _` | \ \ \ \
 \\/  ___)| |_)| | | | | || (_| |  ) ) ) )
  '  |____| .__|_| |_|_| |_\__, | / / / /
 =========|_|==============|___/=/_/_/_/
 :: Spring Boot ::        (v2.2.1.RELEASE)

2021-06-11 13:51:19.021  INFO 14972 --- [    Test worker] c.H.controller.AdminControllerTest       : Starting AdminControllerTest on DESKTOP-R7AB2GV with PID 14972 (started by JAESEUNG in C:\Users\JAESEUNG\IdeaProjects\AbstractCnS\Hotel)
2021-06-11 13:51:19.023  INFO 14972 --- [    Test worker] c.H.controller.AdminControllerTest       : No active profile set, falling back to default profiles: default
2021-06-11 13:51:19.458  INFO 14972 --- [    Test worker] o.s.s.concurrent.ThreadPoolTaskExecutor  : Initializing ExecutorService 'applicationTaskExecutor'
2021-06-11 13:51:19.674  INFO 14972 --- [    Test worker] o.s.b.t.m.w.SpringBootMockServletContext : Initializing Spring TestDispatcherServlet ''
2021-06-11 13:51:19.675  INFO 14972 --- [    Test worker] o.s.t.web.servlet.TestDispatcherServlet  : Initializing Servlet ''
2021-06-11 13:51:19.685  INFO 14972 --- [    Test worker] o.s.t.web.servlet.TestDispatcherServlet  : Completed initialization in 10 ms
2021-06-11 13:51:19.705  INFO 14972 --- [    Test worker] c.H.controller.AdminControllerTest       : Started AdminControllerTest in 0.735 seconds (JVM running for 4.882)
100]]></system-out>
  <system-err><![CDATA[]]></system-err>
</testsuite>
