<?xml version="1.0" encoding="UTF-8"?>
<testsuite name="com.HotelService.controller.AdminControllerTest" tests="5" skipped="0" failures="0" errors="0" timestamp="2021-06-24T10:28:36" hostname="DESKTOP-R7AB2GV" time="0.092">
  <properties/>
  <testcase name="update" classname="com.HotelService.controller.AdminControllerTest" time="0.042"/>
  <testcase name="list" classname="com.HotelService.controller.AdminControllerTest" time="0.018"/>
  <testcase name="roomAdd" classname="com.HotelService.controller.AdminControllerTest" time="0.011"/>
  <testcase name="checkout" classname="com.HotelService.controller.AdminControllerTest" time="0.006"/>
  <testcase name="roomupdate" classname="com.HotelService.controller.AdminControllerTest" time="0.008"/>
  <system-out><![CDATA[
  .   ____          _            __ _ _
 /\\ / ___'_ __ _ _(_)_ __  __ _ \ \ \ \
( ( )\___ | '_ | '_| | '_ \/ _` | \ \ \ \
 \\/  ___)| |_)| | | | | || (_| |  ) ) ) )
  '  |____| .__|_| |_|_| |_\__, | / / / /
 =========|_|==============|___/=/_/_/_/
 :: Spring Boot ::        (v2.2.1.RELEASE)

2021-06-24 19:28:35.827  INFO 12264 --- [    Test worker] c.H.controller.AdminControllerTest       : Starting AdminControllerTest on DESKTOP-R7AB2GV with PID 12264 (started by JAESEUNG in C:\Users\JAESEUNG\IdeaProjects\AbstractCnS\Hotel)
2021-06-24 19:28:35.828  INFO 12264 --- [    Test worker] c.H.controller.AdminControllerTest       : No active profile set, falling back to default profiles: default
2021-06-24 19:28:36.190  INFO 12264 --- [    Test worker] o.s.s.concurrent.ThreadPoolTaskExecutor  : Initializing ExecutorService 'applicationTaskExecutor'
2021-06-24 19:28:36.381  INFO 12264 --- [    Test worker] o.s.b.t.m.w.SpringBootMockServletContext : Initializing Spring TestDispatcherServlet ''
2021-06-24 19:28:36.381  INFO 12264 --- [    Test worker] o.s.t.web.servlet.TestDispatcherServlet  : Initializing Servlet ''
2021-06-24 19:28:36.390  INFO 12264 --- [    Test worker] o.s.t.web.servlet.TestDispatcherServlet  : Completed initialization in 9 ms
2021-06-24 19:28:36.407  INFO 12264 --- [    Test worker] c.H.controller.AdminControllerTest       : Started AdminControllerTest in 0.623 seconds (JVM running for 4.892)
]]></system-out>
  <system-err><![CDATA[]]></system-err>
</testsuite>
