<?xml version="1.0" encoding="UTF-8"?>
<testsuite name="com.HotelService.controller.RequestControllerTest" tests="2" skipped="0" failures="0" errors="0" timestamp="2021-05-27T15:09:09" hostname="DESKTOP-R7AB2GV" time="0.02">
  <properties/>
  <testcase name="cancel" classname="com.HotelService.controller.RequestControllerTest" time="0.011"/>
  <testcase name="list" classname="com.HotelService.controller.RequestControllerTest" time="0.008"/>
  <system-out><![CDATA[2021-05-28 00:09:08.499  INFO 15436 --- [    Test worker] .b.t.a.w.s.WebMvcTestContextBootstrapper : Neither @ContextConfiguration nor @ContextHierarchy found for test class [com.HotelService.controller.RequestControllerTest], using SpringBootContextLoader
2021-05-28 00:09:08.500  INFO 15436 --- [    Test worker] o.s.t.c.support.AbstractContextLoader    : Could not detect default resource locations for test class [com.HotelService.controller.RequestControllerTest]: no resource found for suffixes {-context.xml, Context.groovy}.
2021-05-28 00:09:08.500  INFO 15436 --- [    Test worker] t.c.s.AnnotationConfigContextLoaderUtils : Could not detect default configuration classes for test class [com.HotelService.controller.RequestControllerTest]: RequestControllerTest does not declare any static, non-private, non-final, nested classes annotated with @Configuration.
2021-05-28 00:09:08.503  INFO 15436 --- [    Test worker] .b.t.c.SpringBootTestContextBootstrapper : Found @SpringBootConfiguration com.HotelService.HotelApplication for test class com.HotelService.controller.RequestControllerTest
2021-05-28 00:09:08.504  INFO 15436 --- [    Test worker] .b.t.a.w.s.WebMvcTestContextBootstrapper : Loaded default TestExecutionListener class names from location [META-INF/spring.factories]: [org.springframework.boot.test.autoconfigure.restdocs.RestDocsTestExecutionListener, org.springframework.boot.test.autoconfigure.web.client.MockRestServiceServerResetTestExecutionListener, org.springframework.boot.test.autoconfigure.web.servlet.MockMvcPrintOnlyOnFailureTestExecutionListener, org.springframework.boot.test.autoconfigure.web.servlet.WebDriverTestExecutionListener, org.springframework.boot.test.mock.mockito.MockitoTestExecutionListener, org.springframework.boot.test.mock.mockito.ResetMocksTestExecutionListener, org.springframework.test.context.web.ServletTestExecutionListener, org.springframework.test.context.support.DirtiesContextBeforeModesTestExecutionListener, org.springframework.test.context.support.DependencyInjectionTestExecutionListener, org.springframework.test.context.support.DirtiesContextTestExecutionListener, org.springframework.test.context.transaction.TransactionalTestExecutionListener, org.springframework.test.context.jdbc.SqlScriptsTestExecutionListener, org.springframework.test.context.event.EventPublishingTestExecutionListener]
2021-05-28 00:09:08.504  INFO 15436 --- [    Test worker] .b.t.a.w.s.WebMvcTestContextBootstrapper : Using TestExecutionListeners: [org.springframework.test.context.web.ServletTestExecutionListener@4c545c2a, org.springframework.test.context.support.DirtiesContextBeforeModesTestExecutionListener@45febd46, org.springframework.boot.test.mock.mockito.MockitoTestExecutionListener@4624e8b2, org.springframework.boot.test.autoconfigure.SpringBootDependencyInjectionTestExecutionListener@2d9d70ca, org.springframework.test.context.support.DirtiesContextTestExecutionListener@4346dc5f, org.springframework.test.context.transaction.TransactionalTestExecutionListener@73e25dfc, org.springframework.test.context.jdbc.SqlScriptsTestExecutionListener@12624a4a, org.springframework.test.context.event.EventPublishingTestExecutionListener@543f63ec, org.springframework.boot.test.autoconfigure.restdocs.RestDocsTestExecutionListener@216ef910, org.springframework.boot.test.autoconfigure.web.client.MockRestServiceServerResetTestExecutionListener@40024d7c, org.springframework.boot.test.autoconfigure.web.servlet.MockMvcPrintOnlyOnFailureTestExecutionListener@40b26f2c, org.springframework.boot.test.autoconfigure.web.servlet.WebDriverTestExecutionListener@6fbd54d5, org.springframework.boot.test.mock.mockito.ResetMocksTestExecutionListener@394d964b]

  .   ____          _            __ _ _
 /\\ / ___'_ __ _ _(_)_ __  __ _ \ \ \ \
( ( )\___ | '_ | '_| | '_ \/ _` | \ \ \ \
 \\/  ___)| |_)| | | | | || (_| |  ) ) ) )
  '  |____| .__|_| |_|_| |_\__, | / / / /
 =========|_|==============|___/=/_/_/_/
 :: Spring Boot ::        (v2.2.1.RELEASE)

2021-05-28 00:09:08.540  INFO 15436 --- [    Test worker] c.H.controller.RequestControllerTest     : Starting RequestControllerTest on DESKTOP-R7AB2GV with PID 15436 (started by JAESEUNG in C:\Users\JAESEUNG\IdeaProjects\AbstractCnS\Hotel)
2021-05-28 00:09:08.541  INFO 15436 --- [    Test worker] c.H.controller.RequestControllerTest     : No active profile set, falling back to default profiles: default
2021-05-28 00:09:08.932  INFO 15436 --- [    Test worker] o.s.s.concurrent.ThreadPoolTaskExecutor  : Initializing ExecutorService 'applicationTaskExecutor'
2021-05-28 00:09:09.090  INFO 15436 --- [    Test worker] o.s.b.t.m.w.SpringBootMockServletContext : Initializing Spring TestDispatcherServlet ''
2021-05-28 00:09:09.090  INFO 15436 --- [    Test worker] o.s.t.web.servlet.TestDispatcherServlet  : Initializing Servlet ''
2021-05-28 00:09:09.099  INFO 15436 --- [    Test worker] o.s.t.web.servlet.TestDispatcherServlet  : Completed initialization in 9 ms
2021-05-28 00:09:09.113  INFO 15436 --- [    Test worker] c.H.controller.RequestControllerTest     : Started RequestControllerTest in 0.606 seconds (JVM running for 4.555)
]]></system-out>
  <system-err><![CDATA[]]></system-err>
</testsuite>
