<?xml version="1.0" encoding="UTF-8"?>
<testsuite name="com.HotelService.controller.RequestControllerTest" tests="2" skipped="0" failures="0" errors="0" timestamp="2021-04-29T14:46:32" hostname="DESKTOP-R7AB2GV" time="0.067">
  <properties/>
  <testcase name="cancel" classname="com.HotelService.controller.RequestControllerTest" time="0.034"/>
  <testcase name="list" classname="com.HotelService.controller.RequestControllerTest" time="0.029"/>
  <system-out><![CDATA[2021-04-29 23:46:31.174  INFO 5584 --- [    Test worker] .b.t.a.w.s.WebMvcTestContextBootstrapper : Neither @ContextConfiguration nor @ContextHierarchy found for test class [com.HotelService.controller.RequestControllerTest], using SpringBootContextLoader
2021-04-29 23:46:31.176  INFO 5584 --- [    Test worker] o.s.t.c.support.AbstractContextLoader    : Could not detect default resource locations for test class [com.HotelService.controller.RequestControllerTest]: no resource found for suffixes {-context.xml, Context.groovy}.
2021-04-29 23:46:31.177  INFO 5584 --- [    Test worker] t.c.s.AnnotationConfigContextLoaderUtils : Could not detect default configuration classes for test class [com.HotelService.controller.RequestControllerTest]: RequestControllerTest does not declare any static, non-private, non-final, nested classes annotated with @Configuration.
2021-04-29 23:46:31.187  INFO 5584 --- [    Test worker] .b.t.c.SpringBootTestContextBootstrapper : Found @SpringBootConfiguration com.HotelService.HotelApplication for test class com.HotelService.controller.RequestControllerTest
2021-04-29 23:46:31.188  INFO 5584 --- [    Test worker] .b.t.a.w.s.WebMvcTestContextBootstrapper : Loaded default TestExecutionListener class names from location [META-INF/spring.factories]: [org.springframework.boot.test.autoconfigure.restdocs.RestDocsTestExecutionListener, org.springframework.boot.test.autoconfigure.web.client.MockRestServiceServerResetTestExecutionListener, org.springframework.boot.test.autoconfigure.web.servlet.MockMvcPrintOnlyOnFailureTestExecutionListener, org.springframework.boot.test.autoconfigure.web.servlet.WebDriverTestExecutionListener, org.springframework.boot.test.mock.mockito.MockitoTestExecutionListener, org.springframework.boot.test.mock.mockito.ResetMocksTestExecutionListener, org.springframework.test.context.web.ServletTestExecutionListener, org.springframework.test.context.support.DirtiesContextBeforeModesTestExecutionListener, org.springframework.test.context.support.DependencyInjectionTestExecutionListener, org.springframework.test.context.support.DirtiesContextTestExecutionListener, org.springframework.test.context.transaction.TransactionalTestExecutionListener, org.springframework.test.context.jdbc.SqlScriptsTestExecutionListener, org.springframework.test.context.event.EventPublishingTestExecutionListener]
2021-04-29 23:46:31.189  INFO 5584 --- [    Test worker] .b.t.a.w.s.WebMvcTestContextBootstrapper : Using TestExecutionListeners: [org.springframework.test.context.web.ServletTestExecutionListener@74cb91b0, org.springframework.test.context.support.DirtiesContextBeforeModesTestExecutionListener@ec5117, org.springframework.boot.test.mock.mockito.MockitoTestExecutionListener@774fec0b, org.springframework.boot.test.autoconfigure.SpringBootDependencyInjectionTestExecutionListener@c761c76, org.springframework.test.context.support.DirtiesContextTestExecutionListener@24185a59, org.springframework.test.context.transaction.TransactionalTestExecutionListener@469ec324, org.springframework.test.context.jdbc.SqlScriptsTestExecutionListener@4eb95048, org.springframework.test.context.event.EventPublishingTestExecutionListener@72106045, org.springframework.boot.test.autoconfigure.restdocs.RestDocsTestExecutionListener@14bc36cc, org.springframework.boot.test.autoconfigure.web.client.MockRestServiceServerResetTestExecutionListener@248b509c, org.springframework.boot.test.autoconfigure.web.servlet.MockMvcPrintOnlyOnFailureTestExecutionListener@20346f55, org.springframework.boot.test.autoconfigure.web.servlet.WebDriverTestExecutionListener@51d7315e, org.springframework.boot.test.mock.mockito.ResetMocksTestExecutionListener@242877fe]

  .   ____          _            __ _ _
 /\\ / ___'_ __ _ _(_)_ __  __ _ \ \ \ \
( ( )\___ | '_ | '_| | '_ \/ _` | \ \ \ \
 \\/  ___)| |_)| | | | | || (_| |  ) ) ) )
  '  |____| .__|_| |_|_| |_\__, | / / / /
 =========|_|==============|___/=/_/_/_/
 :: Spring Boot ::        (v2.2.1.RELEASE)

2021-04-29 23:46:31.259  INFO 5584 --- [    Test worker] c.H.controller.RequestControllerTest     : Starting RequestControllerTest on DESKTOP-R7AB2GV with PID 5584 (started by JAESEUNG in C:\Users\JAESEUNG\IdeaProjects\AbstractCnS\Hotel)
2021-04-29 23:46:31.261  INFO 5584 --- [    Test worker] c.H.controller.RequestControllerTest     : No active profile set, falling back to default profiles: default
2021-04-29 23:46:31.929  INFO 5584 --- [    Test worker] o.s.s.concurrent.ThreadPoolTaskExecutor  : Initializing ExecutorService 'applicationTaskExecutor'
2021-04-29 23:46:32.421  INFO 5584 --- [    Test worker] o.s.b.t.m.w.SpringBootMockServletContext : Initializing Spring TestDispatcherServlet ''
2021-04-29 23:46:32.427  INFO 5584 --- [    Test worker] o.s.t.web.servlet.TestDispatcherServlet  : Initializing Servlet ''
2021-04-29 23:46:32.449  INFO 5584 --- [    Test worker] o.s.t.web.servlet.TestDispatcherServlet  : Completed initialization in 22 ms
2021-04-29 23:46:32.485  INFO 5584 --- [    Test worker] c.H.controller.RequestControllerTest     : Started RequestControllerTest in 1.29 seconds (JVM running for 7.891)
]]></system-out>
  <system-err><![CDATA[]]></system-err>
</testsuite>
