<?xml version="1.0" encoding="UTF-8"?>
<testsuite name="com.HotelService.service.AdminServiceTest" tests="4" skipped="0" failures="0" errors="0" timestamp="2021-04-26T15:29:43" hostname="DESKTOP-R7AB2GV" time="0.1">
  <properties/>
  <testcase name="delete" classname="com.HotelService.service.AdminServiceTest" time="0.093"/>
  <testcase name="addGuest" classname="com.HotelService.service.AdminServiceTest" time="0.001"/>
  <testcase name="update" classname="com.HotelService.service.AdminServiceTest" time="0.002"/>
  <testcase name="getGuest" classname="com.HotelService.service.AdminServiceTest" time="0.002"/>
  <system-out><![CDATA[]]></system-out>
  <system-err><![CDATA[]]></system-err>
</testsuite>
