<?xml version="1.0" encoding="UTF-8"?>
<testsuite name="com.HotelService.controller.AdminControllerTest" tests="5" skipped="0" failures="0" errors="0" timestamp="2021-07-08T11:57:55" hostname="DESKTOP-R7AB2GV" time="0.091">
  <properties/>
  <testcase name="update" classname="com.HotelService.controller.AdminControllerTest" time="0.047"/>
  <testcase name="list" classname="com.HotelService.controller.AdminControllerTest" time="0.016"/>
  <testcase name="roomAdd" classname="com.HotelService.controller.AdminControllerTest" time="0.008"/>
  <testcase name="checkout" classname="com.HotelService.controller.AdminControllerTest" time="0.007"/>
  <testcase name="roomupdate" classname="com.HotelService.controller.AdminControllerTest" time="0.007"/>
  <system-out><![CDATA[
  .   ____          _            __ _ _
 /\\ / ___'_ __ _ _(_)_ __  __ _ \ \ \ \
( ( )\___ | '_ | '_| | '_ \/ _` | \ \ \ \
 \\/  ___)| |_)| | | | | || (_| |  ) ) ) )
  '  |____| .__|_| |_|_| |_\__, | / / / /
 =========|_|==============|___/=/_/_/_/
 :: Spring Boot ::        (v2.2.1.RELEASE)

2021-07-08 20:57:54.700  INFO 17196 --- [    Test worker] c.H.controller.AdminControllerTest       : Starting AdminControllerTest on DESKTOP-R7AB2GV with PID 17196 (started by JAESEUNG in C:\Users\JAESEUNG\IdeaProjects\AbstractCnS\Hotel)
2021-07-08 20:57:54.701  INFO 17196 --- [    Test worker] c.H.controller.AdminControllerTest       : No active profile set, falling back to default profiles: default
2021-07-08 20:57:55.099  INFO 17196 --- [    Test worker] o.s.s.concurrent.ThreadPoolTaskExecutor  : Initializing ExecutorService 'applicationTaskExecutor'
2021-07-08 20:57:55.306  INFO 17196 --- [    Test worker] o.s.b.t.m.w.SpringBootMockServletContext : Initializing Spring TestDispatcherServlet ''
2021-07-08 20:57:55.306  INFO 17196 --- [    Test worker] o.s.t.web.servlet.TestDispatcherServlet  : Initializing Servlet ''
2021-07-08 20:57:55.317  INFO 17196 --- [    Test worker] o.s.t.web.servlet.TestDispatcherServlet  : Completed initialization in 11 ms
2021-07-08 20:57:55.337  INFO 17196 --- [    Test worker] c.H.controller.AdminControllerTest       : Started AdminControllerTest in 0.676 seconds (JVM running for 5.121)
]]></system-out>
  <system-err><![CDATA[]]></system-err>
</testsuite>
