<?xml version="1.0" encoding="UTF-8"?>
<testsuite name="com.HotelService.service.AdminServiceTest" tests="3" skipped="0" failures="0" errors="0" timestamp="2021-06-06T05:04:51" hostname="DESKTOP-R7AB2GV" time="0.065">
  <properties/>
  <testcase name="delete" classname="com.HotelService.service.AdminServiceTest" time="0.05"/>
  <testcase name="update" classname="com.HotelService.service.AdminServiceTest" time="0.014"/>
  <testcase name="getGuest" classname="com.HotelService.service.AdminServiceTest" time="0.0"/>
  <system-out><![CDATA[]]></system-out>
  <system-err><![CDATA[]]></system-err>
</testsuite>
