<?xml version="1.0" encoding="UTF-8"?>
<testsuite name="com.HotelService.controller.RequestControllerTest" tests="2" skipped="0" failures="0" errors="0" timestamp="2021-04-26T15:29:43" hostname="DESKTOP-R7AB2GV" time="0.035">
  <properties/>
  <testcase name="cancel" classname="com.HotelService.controller.RequestControllerTest" time="0.021"/>
  <testcase name="list" classname="com.HotelService.controller.RequestControllerTest" time="0.012"/>
  <system-out><![CDATA[2021-04-27 00:29:42.744  INFO 3624 --- [    Test worker] .b.t.a.w.s.WebMvcTestContextBootstrapper : Neither @ContextConfiguration nor @ContextHierarchy found for test class [com.HotelService.controller.RequestControllerTest], using SpringBootContextLoader
2021-04-27 00:29:42.746  INFO 3624 --- [    Test worker] o.s.t.c.support.AbstractContextLoader    : Could not detect default resource locations for test class [com.HotelService.controller.RequestControllerTest]: no resource found for suffixes {-context.xml, Context.groovy}.
2021-04-27 00:29:42.746  INFO 3624 --- [    Test worker] t.c.s.AnnotationConfigContextLoaderUtils : Could not detect default configuration classes for test class [com.HotelService.controller.RequestControllerTest]: RequestControllerTest does not declare any static, non-private, non-final, nested classes annotated with @Configuration.
2021-04-27 00:29:42.752  INFO 3624 --- [    Test worker] .b.t.c.SpringBootTestContextBootstrapper : Found @SpringBootConfiguration com.HotelService.HotelApplication for test class com.HotelService.controller.RequestControllerTest
2021-04-27 00:29:42.753  INFO 3624 --- [    Test worker] .b.t.a.w.s.WebMvcTestContextBootstrapper : Loaded default TestExecutionListener class names from location [META-INF/spring.factories]: [org.springframework.boot.test.autoconfigure.restdocs.RestDocsTestExecutionListener, org.springframework.boot.test.autoconfigure.web.client.MockRestServiceServerResetTestExecutionListener, org.springframework.boot.test.autoconfigure.web.servlet.MockMvcPrintOnlyOnFailureTestExecutionListener, org.springframework.boot.test.autoconfigure.web.servlet.WebDriverTestExecutionListener, org.springframework.boot.test.mock.mockito.MockitoTestExecutionListener, org.springframework.boot.test.mock.mockito.ResetMocksTestExecutionListener, org.springframework.test.context.web.ServletTestExecutionListener, org.springframework.test.context.support.DirtiesContextBeforeModesTestExecutionListener, org.springframework.test.context.support.DependencyInjectionTestExecutionListener, org.springframework.test.context.support.DirtiesContextTestExecutionListener, org.springframework.test.context.transaction.TransactionalTestExecutionListener, org.springframework.test.context.jdbc.SqlScriptsTestExecutionListener, org.springframework.test.context.event.EventPublishingTestExecutionListener]
2021-04-27 00:29:42.754  INFO 3624 --- [    Test worker] .b.t.a.w.s.WebMvcTestContextBootstrapper : Using TestExecutionListeners: [org.springframework.test.context.web.ServletTestExecutionListener@20346f55, org.springframework.test.context.support.DirtiesContextBeforeModesTestExecutionListener@51d7315e, org.springframework.boot.test.mock.mockito.MockitoTestExecutionListener@242877fe, org.springframework.boot.test.autoconfigure.SpringBootDependencyInjectionTestExecutionListener@5ad9cc57, org.springframework.test.context.support.DirtiesContextTestExecutionListener@59145e9e, org.springframework.test.context.transaction.TransactionalTestExecutionListener@3121c923, org.springframework.test.context.jdbc.SqlScriptsTestExecutionListener@56d1df7e, org.springframework.test.context.event.EventPublishingTestExecutionListener@427e1a87, org.springframework.boot.test.autoconfigure.restdocs.RestDocsTestExecutionListener@39655cf8, org.springframework.boot.test.autoconfigure.web.client.MockRestServiceServerResetTestExecutionListener@632f226, org.springframework.boot.test.autoconfigure.web.servlet.MockMvcPrintOnlyOnFailureTestExecutionListener@5ec0e7b1, org.springframework.boot.test.autoconfigure.web.servlet.WebDriverTestExecutionListener@6cd864cc, org.springframework.boot.test.mock.mockito.ResetMocksTestExecutionListener@7fc96733]

  .   ____          _            __ _ _
 /\\ / ___'_ __ _ _(_)_ __  __ _ \ \ \ \
( ( )\___ | '_ | '_| | '_ \/ _` | \ \ \ \
 \\/  ___)| |_)| | | | | || (_| |  ) ) ) )
  '  |____| .__|_| |_|_| |_\__, | / / / /
 =========|_|==============|___/=/_/_/_/
 :: Spring Boot ::        (v2.2.1.RELEASE)

2021-04-27 00:29:42.809  INFO 3624 --- [    Test worker] c.H.controller.RequestControllerTest     : Starting RequestControllerTest on DESKTOP-R7AB2GV with PID 3624 (started by JAESEUNG in C:\Users\JAESEUNG\IdeaProjects\AbstractCnS\Hotel)
2021-04-27 00:29:42.810  INFO 3624 --- [    Test worker] c.H.controller.RequestControllerTest     : No active profile set, falling back to default profiles: default
2021-04-27 00:29:43.382  INFO 3624 --- [    Test worker] o.s.s.concurrent.ThreadPoolTaskExecutor  : Initializing ExecutorService 'applicationTaskExecutor'
2021-04-27 00:29:43.624  INFO 3624 --- [    Test worker] o.s.b.t.m.w.SpringBootMockServletContext : Initializing Spring TestDispatcherServlet ''
2021-04-27 00:29:43.625  INFO 3624 --- [    Test worker] o.s.t.web.servlet.TestDispatcherServlet  : Initializing Servlet ''
2021-04-27 00:29:43.645  INFO 3624 --- [    Test worker] o.s.t.web.servlet.TestDispatcherServlet  : Completed initialization in 20 ms
2021-04-27 00:29:43.677  INFO 3624 --- [    Test worker] c.H.controller.RequestControllerTest     : Started RequestControllerTest in 0.917 seconds (JVM running for 6.699)
]]></system-out>
  <system-err><![CDATA[]]></system-err>
</testsuite>
