<?xml version="1.0" encoding="UTF-8"?>
<testsuite name="com.HotelService.service.AdminServiceTest" tests="5" skipped="0" failures="0" errors="0" timestamp="2021-07-08T11:57:55" hostname="DESKTOP-R7AB2GV" time="0.07">
  <properties/>
  <testcase name="cancel" classname="com.HotelService.service.AdminServiceTest" time="0.059"/>
  <testcase name="delete" classname="com.HotelService.service.AdminServiceTest" time="0.005"/>
  <testcase name="addGuest" classname="com.HotelService.service.AdminServiceTest" time="0.001"/>
  <testcase name="update" classname="com.HotelService.service.AdminServiceTest" time="0.003"/>
  <testcase name="getGuest" classname="com.HotelService.service.AdminServiceTest" time="0.001"/>
  <system-out><![CDATA[]]></system-out>
  <system-err><![CDATA[]]></system-err>
</testsuite>
