<?xml version="1.0" encoding="UTF-8"?>
<testsuite name="com.HotelService.controller.AdminControllerTest" tests="3" skipped="0" failures="0" errors="0" timestamp="2021-06-09T03:37:26" hostname="DESKTOP-R7AB2GV" time="0.149">
  <properties/>
  <testcase name="update" classname="com.HotelService.controller.AdminControllerTest" time="0.135"/>
  <testcase name="list" classname="com.HotelService.controller.AdminControllerTest" time="0.003"/>
  <testcase name="checkout" classname="com.HotelService.controller.AdminControllerTest" time="0.008"/>
  <system-out><![CDATA[
  .   ____          _            __ _ _
 /\\ / ___'_ __ _ _(_)_ __  __ _ \ \ \ \
( ( )\___ | '_ | '_| | '_ \/ _` | \ \ \ \
 \\/  ___)| |_)| | | | | || (_| |  ) ) ) )
  '  |____| .__|_| |_|_| |_\__, | / / / /
 =========|_|==============|___/=/_/_/_/
 :: Spring Boot ::        (v2.2.1.RELEASE)

2021-06-09 12:37:25.697  INFO 3360 --- [    Test worker] c.H.controller.AdminControllerTest       : Starting AdminControllerTest on DESKTOP-R7AB2GV with PID 3360 (started by JAESEUNG in C:\Users\JAESEUNG\IdeaProjects\AbstractCnS\Hotel)
2021-06-09 12:37:25.699  INFO 3360 --- [    Test worker] c.H.controller.AdminControllerTest       : No active profile set, falling back to default profiles: default
2021-06-09 12:37:26.079  INFO 3360 --- [    Test worker] o.s.s.concurrent.ThreadPoolTaskExecutor  : Initializing ExecutorService 'applicationTaskExecutor'
2021-06-09 12:37:26.273  INFO 3360 --- [    Test worker] o.s.b.t.m.w.SpringBootMockServletContext : Initializing Spring TestDispatcherServlet ''
2021-06-09 12:37:26.273  INFO 3360 --- [    Test worker] o.s.t.web.servlet.TestDispatcherServlet  : Initializing Servlet ''
2021-06-09 12:37:26.282  INFO 3360 --- [    Test worker] o.s.t.web.servlet.TestDispatcherServlet  : Completed initialization in 9 ms
2021-06-09 12:37:26.294  INFO 3360 --- [    Test worker] c.H.controller.AdminControllerTest       : Started AdminControllerTest in 0.643 seconds (JVM running for 4.979)
100]]></system-out>
  <system-err><![CDATA[]]></system-err>
</testsuite>
