<?xml version="1.0" encoding="UTF-8"?>
<testsuite name="com.HotelService.controller.AdminControllerTest" tests="3" skipped="0" failures="0" errors="0" timestamp="2021-06-06T05:14:03" hostname="DESKTOP-R7AB2GV" time="0.104">
  <properties/>
  <testcase name="update" classname="com.HotelService.controller.AdminControllerTest" time="0.078"/>
  <testcase name="list" classname="com.HotelService.controller.AdminControllerTest" time="0.017"/>
  <testcase name="checkout" classname="com.HotelService.controller.AdminControllerTest" time="0.007"/>
  <system-out><![CDATA[
  .   ____          _            __ _ _
 /\\ / ___'_ __ _ _(_)_ __  __ _ \ \ \ \
( ( )\___ | '_ | '_| | '_ \/ _` | \ \ \ \
 \\/  ___)| |_)| | | | | || (_| |  ) ) ) )
  '  |____| .__|_| |_|_| |_\__, | / / / /
 =========|_|==============|___/=/_/_/_/
 :: Spring Boot ::        (v2.2.1.RELEASE)

2021-06-06 14:14:03.191  INFO 14952 --- [    Test worker] c.H.controller.AdminControllerTest       : Starting AdminControllerTest on DESKTOP-R7AB2GV with PID 14952 (started by JAESEUNG in C:\Users\JAESEUNG\IdeaProjects\AbstractCnS\Hotel)
2021-06-06 14:14:03.192  INFO 14952 --- [    Test worker] c.H.controller.AdminControllerTest       : No active profile set, falling back to default profiles: default
2021-06-06 14:14:03.596  INFO 14952 --- [    Test worker] o.s.s.concurrent.ThreadPoolTaskExecutor  : Initializing ExecutorService 'applicationTaskExecutor'
2021-06-06 14:14:03.809  INFO 14952 --- [    Test worker] o.s.b.t.m.w.SpringBootMockServletContext : Initializing Spring TestDispatcherServlet ''
2021-06-06 14:14:03.809  INFO 14952 --- [    Test worker] o.s.t.web.servlet.TestDispatcherServlet  : Initializing Servlet ''
2021-06-06 14:14:03.818  INFO 14952 --- [    Test worker] o.s.t.web.servlet.TestDispatcherServlet  : Completed initialization in 9 ms
2021-06-06 14:14:03.836  INFO 14952 --- [    Test worker] c.H.controller.AdminControllerTest       : Started AdminControllerTest in 0.679 seconds (JVM running for 4.901)
]]></system-out>
  <system-err><![CDATA[]]></system-err>
</testsuite>
