<?xml version="1.0" encoding="UTF-8"?>
<testsuite name="com.HotelService.controller.RequestControllerTest" tests="2" skipped="0" failures="0" errors="0" timestamp="2021-05-27T14:03:44" hostname="DESKTOP-R7AB2GV" time="0.02">
  <properties/>
  <testcase name="cancel" classname="com.HotelService.controller.RequestControllerTest" time="0.012"/>
  <testcase name="list" classname="com.HotelService.controller.RequestControllerTest" time="0.007"/>
  <system-out><![CDATA[2021-05-27 23:03:44.212  INFO 14840 --- [    Test worker] .b.t.a.w.s.WebMvcTestContextBootstrapper : Neither @ContextConfiguration nor @ContextHierarchy found for test class [com.HotelService.controller.RequestControllerTest], using SpringBootContextLoader
2021-05-27 23:03:44.214  INFO 14840 --- [    Test worker] o.s.t.c.support.AbstractContextLoader    : Could not detect default resource locations for test class [com.HotelService.controller.RequestControllerTest]: no resource found for suffixes {-context.xml, Context.groovy}.
2021-05-27 23:03:44.214  INFO 14840 --- [    Test worker] t.c.s.AnnotationConfigContextLoaderUtils : Could not detect default configuration classes for test class [com.HotelService.controller.RequestControllerTest]: RequestControllerTest does not declare any static, non-private, non-final, nested classes annotated with @Configuration.
2021-05-27 23:03:44.220  INFO 14840 --- [    Test worker] .b.t.c.SpringBootTestContextBootstrapper : Found @SpringBootConfiguration com.HotelService.HotelApplication for test class com.HotelService.controller.RequestControllerTest
2021-05-27 23:03:44.221  INFO 14840 --- [    Test worker] .b.t.a.w.s.WebMvcTestContextBootstrapper : Loaded default TestExecutionListener class names from location [META-INF/spring.factories]: [org.springframework.boot.test.autoconfigure.restdocs.RestDocsTestExecutionListener, org.springframework.boot.test.autoconfigure.web.client.MockRestServiceServerResetTestExecutionListener, org.springframework.boot.test.autoconfigure.web.servlet.MockMvcPrintOnlyOnFailureTestExecutionListener, org.springframework.boot.test.autoconfigure.web.servlet.WebDriverTestExecutionListener, org.springframework.boot.test.mock.mockito.MockitoTestExecutionListener, org.springframework.boot.test.mock.mockito.ResetMocksTestExecutionListener, org.springframework.test.context.web.ServletTestExecutionListener, org.springframework.test.context.support.DirtiesContextBeforeModesTestExecutionListener, org.springframework.test.context.support.DependencyInjectionTestExecutionListener, org.springframework.test.context.support.DirtiesContextTestExecutionListener, org.springframework.test.context.transaction.TransactionalTestExecutionListener, org.springframework.test.context.jdbc.SqlScriptsTestExecutionListener, org.springframework.test.context.event.EventPublishingTestExecutionListener]
2021-05-27 23:03:44.221  INFO 14840 --- [    Test worker] .b.t.a.w.s.WebMvcTestContextBootstrapper : Using TestExecutionListeners: [org.springframework.test.context.web.ServletTestExecutionListener@60a6599e, org.springframework.test.context.support.DirtiesContextBeforeModesTestExecutionListener@707411c3, org.springframework.boot.test.mock.mockito.MockitoTestExecutionListener@42284520, org.springframework.boot.test.autoconfigure.SpringBootDependencyInjectionTestExecutionListener@5a280987, org.springframework.test.context.support.DirtiesContextTestExecutionListener@810c1f5, org.springframework.test.context.transaction.TransactionalTestExecutionListener@58ba333d, org.springframework.test.context.jdbc.SqlScriptsTestExecutionListener@58bb7c4f, org.springframework.test.context.event.EventPublishingTestExecutionListener@42c522ee, org.springframework.boot.test.autoconfigure.restdocs.RestDocsTestExecutionListener@4c545c2a, org.springframework.boot.test.autoconfigure.web.client.MockRestServiceServerResetTestExecutionListener@45febd46, org.springframework.boot.test.autoconfigure.web.servlet.MockMvcPrintOnlyOnFailureTestExecutionListener@4624e8b2, org.springframework.boot.test.autoconfigure.web.servlet.WebDriverTestExecutionListener@2d9d70ca, org.springframework.boot.test.mock.mockito.ResetMocksTestExecutionListener@4346dc5f]

  .   ____          _            __ _ _
 /\\ / ___'_ __ _ _(_)_ __  __ _ \ \ \ \
( ( )\___ | '_ | '_| | '_ \/ _` | \ \ \ \
 \\/  ___)| |_)| | | | | || (_| |  ) ) ) )
  '  |____| .__|_| |_|_| |_\__, | / / / /
 =========|_|==============|___/=/_/_/_/
 :: Spring Boot ::        (v2.2.1.RELEASE)

2021-05-27 23:03:44.257  INFO 14840 --- [    Test worker] c.H.controller.RequestControllerTest     : Starting RequestControllerTest on DESKTOP-R7AB2GV with PID 14840 (started by JAESEUNG in C:\Users\JAESEUNG\IdeaProjects\AbstractCnS\Hotel)
2021-05-27 23:03:44.257  INFO 14840 --- [    Test worker] c.H.controller.RequestControllerTest     : No active profile set, falling back to default profiles: default
2021-05-27 23:03:44.617  INFO 14840 --- [    Test worker] o.s.s.concurrent.ThreadPoolTaskExecutor  : Initializing ExecutorService 'applicationTaskExecutor'
2021-05-27 23:03:44.767  INFO 14840 --- [    Test worker] o.s.b.t.m.w.SpringBootMockServletContext : Initializing Spring TestDispatcherServlet ''
2021-05-27 23:03:44.767  INFO 14840 --- [    Test worker] o.s.t.web.servlet.TestDispatcherServlet  : Initializing Servlet ''
2021-05-27 23:03:44.777  INFO 14840 --- [    Test worker] o.s.t.web.servlet.TestDispatcherServlet  : Completed initialization in 10 ms
2021-05-27 23:03:44.792  INFO 14840 --- [    Test worker] c.H.controller.RequestControllerTest     : Started RequestControllerTest in 0.567 seconds (JVM running for 4.722)
]]></system-out>
  <system-err><![CDATA[]]></system-err>
</testsuite>
